Interior catalog:
  1: N1/p
  2: N3/n
  3: N4/n
  4: N5/s
  5: N6/r
  6: O3/c
  7: O2/o
  8: O3h/h
  9: O4/n
  10: R1/c
  11: R1/n
  12: R1/p
  13: R2/c
  14: R3/c
  15: R6/c
  16: R6/n
  17: R6/p
  18: R6/s
  19: X1/c
  20: X2/c
  21: X3/c
  22: P1/c
  23: P1/n
  24: P1/p
  25: P1/Chl
  26: P1/s
  27: P2/c
  28: P2/n
  29: P2/p
  30: P2/Chl
  31: P3/c
  32: P3/n
  33: P3/p
  34: P3/Chl
  35: P4/c
  36: P4/n
  37: P4/p
  38: P4/Chl
  39: B1/c
  40: B1/n
  41: B1/p
  42: Z5/c
  43: Z5/n
  44: Z5/p
  45: Z6/c
  46: Z6/n
  47: Z6/p
  48: Z3/c
  49: Z3/n
  50: Z3/p
  51: Z4/c
  52: Z4/n
  53: Z4/p
  54: O5/c
  55: zenith_angle/_attenuation_coefficient_of_photosynthetic_radiative_flux
  56: light/EIR
  57: light/parEIR
  58: light/xEPS
  59: light/P1chl_sms
  60: light/P1chl_w
  61: light/P2chl_sms
  62: light/P2chl_w
  63: light/P3chl_sms
  64: light/P3chl_w
  65: light/P4chl_sms
  66: light/P4chl_w
  67: light/_attenuation_coefficient_of_photosynthetic_radiative_flux
  68: N1/p_sms
  69: N1/p_w
  70: N1/_attenuation_coefficient_of_photosynthetic_radiative_flux
  71: N3/n_sms
  72: N3/n_w
  73: N3/_attenuation_coefficient_of_photosynthetic_radiative_flux
  74: N4/n_sms
  75: N4/n_w
  76: N4/_attenuation_coefficient_of_photosynthetic_radiative_flux
  77: N5/s_sms
  78: N5/s_w
  79: N5/_attenuation_coefficient_of_photosynthetic_radiative_flux
  80: N6/r_sms
  81: N6/r_w
  82: N6/_attenuation_coefficient_of_photosynthetic_radiative_flux
  83: O3/c_sms
  84: O3/c_w
  85: O3/N1p_sms
  86: O3/N1p_w
  87: O3/N5s_sms
  88: O3/N5s_w
  89: O3/O3h_sms
  90: O3/O3h_w
  91: O3/ALK
  92: O3/DIC
  93: O3/pH
  94: O3/pCO2
  95: O3/CarbA
  96: O3/BiCarb
  97: O3/Carb
  98: O3/OCalc
  99: O3/OArag
  100: O3/EPR
  101: O3/_attenuation_coefficient_of_photosynthetic_radiative_flux
  102: O2/o_sms
  103: O2/o_w
  104: O2/eO2mO2
  105: O2/osat
  106: O2/AOU
  107: O2/_attenuation_coefficient_of_photosynthetic_radiative_flux
  108: O3h/h_sms
  109: O3h/h_w
  110: O3h/_attenuation_coefficient_of_photosynthetic_radiative_flux
  111: O4/n_sms
  112: O4/n_w
  113: O4/_attenuation_coefficient_of_photosynthetic_radiative_flux
  114: R1/c_sms
  115: R1/c_w
  116: R1/n_sms
  117: R1/n_w
  118: R1/p_sms
  119: R1/p_w
  120: R1/_attenuation_coefficient_of_photosynthetic_radiative_flux
  121: R2/c_sms
  122: R2/c_w
  123: R2/_attenuation_coefficient_of_photosynthetic_radiative_flux
  124: R3/c_sms
  125: R3/c_w
  126: R3/_attenuation_coefficient_of_photosynthetic_radiative_flux
  127: R6/c_sms
  128: R6/c_w
  129: R6/n_sms
  130: R6/n_w
  131: R6/p_sms
  132: R6/p_w
  133: R6/s_sms
  134: R6/s_w
  135: R6/_attenuation_coefficient_of_photosynthetic_radiative_flux
  136: X1/c_sms
  137: X1/c_w
  138: X1/_attenuation_coefficient_of_photosynthetic_radiative_flux
  139: X2/c_sms
  140: X2/c_w
  141: X2/_attenuation_coefficient_of_photosynthetic_radiative_flux
  142: X3/c_sms
  143: X3/c_w
  144: X3/_attenuation_coefficient_of_photosynthetic_radiative_flux
  145: P1/c_sms
  146: P1/c_w
  147: P1/n_sms
  148: P1/n_w
  149: P1/p_sms
  150: P1/p_w
  151: P1/Chl_sms
  152: P1/Chl_w
  153: P1/s_sms
  154: P1/s_w
  155: P1/O3c_sms
  156: P1/O3c_w
  157: P1/O3h_sms
  158: P1/O3h_w
  159: P1/O5c_sms
  160: P1/O5c_w
  161: P1/O2o_sms
  162: P1/O2o_w
  163: P1/N1p_sms
  164: P1/N1p_w
  165: P1/N3n_sms
  166: P1/N3n_w
  167: P1/N4n_sms
  168: P1/N4n_w
  169: P1/N5s_sms
  170: P1/N5s_w
  171: P1/R1c_sms
  172: P1/R1c_w
  173: P1/R1p_sms
  174: P1/R1p_w
  175: P1/R1n_sms
  176: P1/R1n_w
  177: P1/R2c_sms
  178: P1/R2c_w
  179: P1/R6c_sms
  180: P1/R6c_w
  181: P1/R6p_sms
  182: P1/R6p_w
  183: P1/R6n_sms
  184: P1/R6n_w
  185: P1/R6s_sms
  186: P1/R6s_w
  187: P1/X1c_sms
  188: P1/X1c_w
  189: P1/X2c_sms
  190: P1/X2c_w
  191: P1/iN1p
  192: P1/iNIn
  193: P1/iN5s
  194: P1/iN
  195: P1/tN
  196: P1/ETW
  197: P1/et
  198: P1/EIR
  199: P1/r
  200: P1/eiPPY
  201: P1/sum
  202: P1/sdo
  203: P1/sea
  204: P1/seo
  205: P1/rr1c
  206: P1/rrc
  207: P1/rugc
  208: P1/flPIR2c
  209: P1/run
  210: P1/sadap
  211: P1/cqun3
  212: P1/rumn3
  213: P1/rumn4
  214: P1/rumn
  215: P1/rump
  216: P1/netgrowth
  217: P1/sunPPY
  218: P1/misn
  219: P1/rupn
  220: P1/runn
  221: P1/runn3
  222: P1/runn4
  223: P1/fR1n
  224: P1/misp
  225: P1/rupp
  226: P1/runp
  227: P1/fR1p
  228: P1/rr6n
  229: P1/rr1n
  230: P1/rr6p
  231: P1/rr1p
  232: P1/rums
  233: P1/miss
  234: P1/rups
  235: P1/runs
  236: P1/rho_Chl
  237: P1/rate_Chl
  238: P1/varO3h_for_Nutil
  239: P1/varO3h_for_Putil
  240: P1/_attenuation_coefficient_of_photosynthetic_radiative_flux
  241: P2/c_sms
  242: P2/c_w
  243: P2/n_sms
  244: P2/n_w
  245: P2/p_sms
  246: P2/p_w
  247: P2/Chl_sms
  248: P2/Chl_w
  249: P2/O3c_sms
  250: P2/O3c_w
  251: P2/O3h_sms
  252: P2/O3h_w
  253: P2/O5c_sms
  254: P2/O5c_w
  255: P2/O2o_sms
  256: P2/O2o_w
  257: P2/N1p_sms
  258: P2/N1p_w
  259: P2/N3n_sms
  260: P2/N3n_w
  261: P2/N4n_sms
  262: P2/N4n_w
  263: P2/R1c_sms
  264: P2/R1c_w
  265: P2/R1p_sms
  266: P2/R1p_w
  267: P2/R1n_sms
  268: P2/R1n_w
  269: P2/R2c_sms
  270: P2/R2c_w
  271: P2/R6c_sms
  272: P2/R6c_w
  273: P2/R6p_sms
  274: P2/R6p_w
  275: P2/R6n_sms
  276: P2/R6n_w
  277: P2/X1c_sms
  278: P2/X1c_w
  279: P2/X2c_sms
  280: P2/X2c_w
  281: P2/iN1p
  282: P2/iNIn
  283: P2/iN
  284: P2/tN
  285: P2/ETW
  286: P2/et
  287: P2/EIR
  288: P2/r
  289: P2/eiPPY
  290: P2/sum
  291: P2/sdo
  292: P2/sea
  293: P2/seo
  294: P2/rr1c
  295: P2/rrc
  296: P2/rugc
  297: P2/flPIR2c
  298: P2/run
  299: P2/sadap
  300: P2/cqun3
  301: P2/rumn3
  302: P2/rumn4
  303: P2/rumn
  304: P2/rump
  305: P2/netgrowth
  306: P2/sunPPY
  307: P2/misn
  308: P2/rupn
  309: P2/runn
  310: P2/runn3
  311: P2/runn4
  312: P2/fR1n
  313: P2/misp
  314: P2/rupp
  315: P2/runp
  316: P2/fR1p
  317: P2/rr6n
  318: P2/rr1n
  319: P2/rr6p
  320: P2/rr1p
  321: P2/rho_Chl
  322: P2/rate_Chl
  323: P2/consO3h_caco3
  324: P2/varO3h_for_Nutil
  325: P2/varO3h_for_Putil
  326: P2/_attenuation_coefficient_of_photosynthetic_radiative_flux
  327: P3/c_sms
  328: P3/c_w
  329: P3/n_sms
  330: P3/n_w
  331: P3/p_sms
  332: P3/p_w
  333: P3/Chl_sms
  334: P3/Chl_w
  335: P3/O3c_sms
  336: P3/O3c_w
  337: P3/O3h_sms
  338: P3/O3h_w
  339: P3/O5c_sms
  340: P3/O5c_w
  341: P3/O2o_sms
  342: P3/O2o_w
  343: P3/N1p_sms
  344: P3/N1p_w
  345: P3/N3n_sms
  346: P3/N3n_w
  347: P3/N4n_sms
  348: P3/N4n_w
  349: P3/R1c_sms
  350: P3/R1c_w
  351: P3/R1p_sms
  352: P3/R1p_w
  353: P3/R1n_sms
  354: P3/R1n_w
  355: P3/R2c_sms
  356: P3/R2c_w
  357: P3/R6c_sms
  358: P3/R6c_w
  359: P3/R6p_sms
  360: P3/R6p_w
  361: P3/R6n_sms
  362: P3/R6n_w
  363: P3/X1c_sms
  364: P3/X1c_w
  365: P3/X2c_sms
  366: P3/X2c_w
  367: P3/iN1p
  368: P3/iNIn
  369: P3/iN
  370: P3/tN
  371: P3/ETW
  372: P3/et
  373: P3/EIR
  374: P3/r
  375: P3/eiPPY
  376: P3/sum
  377: P3/sdo
  378: P3/sea
  379: P3/seo
  380: P3/rr1c
  381: P3/rrc
  382: P3/rugc
  383: P3/flPIR2c
  384: P3/run
  385: P3/sadap
  386: P3/cqun3
  387: P3/rumn3
  388: P3/rumn4
  389: P3/rumn
  390: P3/rump
  391: P3/netgrowth
  392: P3/sunPPY
  393: P3/misn
  394: P3/rupn
  395: P3/runn
  396: P3/runn3
  397: P3/runn4
  398: P3/fR1n
  399: P3/misp
  400: P3/rupp
  401: P3/runp
  402: P3/fR1p
  403: P3/rr6n
  404: P3/rr1n
  405: P3/rr6p
  406: P3/rr1p
  407: P3/rho_Chl
  408: P3/rate_Chl
  409: P3/varO3h_for_Nutil
  410: P3/varO3h_for_Putil
  411: P3/_attenuation_coefficient_of_photosynthetic_radiative_flux
  412: P4/c_sms
  413: P4/c_w
  414: P4/n_sms
  415: P4/n_w
  416: P4/p_sms
  417: P4/p_w
  418: P4/Chl_sms
  419: P4/Chl_w
  420: P4/O3c_sms
  421: P4/O3c_w
  422: P4/O3h_sms
  423: P4/O3h_w
  424: P4/O5c_sms
  425: P4/O5c_w
  426: P4/O2o_sms
  427: P4/O2o_w
  428: P4/N1p_sms
  429: P4/N1p_w
  430: P4/N3n_sms
  431: P4/N3n_w
  432: P4/N4n_sms
  433: P4/N4n_w
  434: P4/R1c_sms
  435: P4/R1c_w
  436: P4/R1p_sms
  437: P4/R1p_w
  438: P4/R1n_sms
  439: P4/R1n_w
  440: P4/R2c_sms
  441: P4/R2c_w
  442: P4/R6c_sms
  443: P4/R6c_w
  444: P4/R6p_sms
  445: P4/R6p_w
  446: P4/R6n_sms
  447: P4/R6n_w
  448: P4/X1c_sms
  449: P4/X1c_w
  450: P4/X2c_sms
  451: P4/X2c_w
  452: P4/iN1p
  453: P4/iNIn
  454: P4/iN
  455: P4/tN
  456: P4/ETW
  457: P4/et
  458: P4/EIR
  459: P4/r
  460: P4/eiPPY
  461: P4/sum
  462: P4/sdo
  463: P4/sea
  464: P4/seo
  465: P4/rr1c
  466: P4/rrc
  467: P4/rugc
  468: P4/flPIR2c
  469: P4/run
  470: P4/sadap
  471: P4/cqun3
  472: P4/rumn3
  473: P4/rumn4
  474: P4/rumn
  475: P4/rump
  476: P4/netgrowth
  477: P4/sunPPY
  478: P4/misn
  479: P4/rupn
  480: P4/runn
  481: P4/runn3
  482: P4/runn4
  483: P4/fR1n
  484: P4/misp
  485: P4/rupp
  486: P4/runp
  487: P4/fR1p
  488: P4/rr6n
  489: P4/rr1n
  490: P4/rr6p
  491: P4/rr1p
  492: P4/rho_Chl
  493: P4/rate_Chl
  494: P4/varO3h_for_Nutil
  495: P4/varO3h_for_Putil
  496: P4/_attenuation_coefficient_of_photosynthetic_radiative_flux
  497: B1/c_sms
  498: B1/c_w
  499: B1/n_sms
  500: B1/n_w
  501: B1/p_sms
  502: B1/p_w
  503: B1/O2o_sms
  504: B1/O2o_w
  505: B1/O3c_sms
  506: B1/O3c_w
  507: B1/O3h_sms
  508: B1/O3h_w
  509: B1/N1p_sms
  510: B1/N1p_w
  511: B1/N3n_sms
  512: B1/N3n_w
  513: B1/N4n_sms
  514: B1/N4n_w
  515: B1/N6r_sms
  516: B1/N6r_w
  517: B1/R1c_sms
  518: B1/R1c_w
  519: B1/R1p_sms
  520: B1/R1p_w
  521: B1/R1n_sms
  522: B1/R1n_w
  523: B1/R2c_sms
  524: B1/R2c_w
  525: B1/R3c_sms
  526: B1/R3c_w
  527: B1/R6c_sms
  528: B1/R6c_w
  529: B1/R6p_sms
  530: B1/R6p_w
  531: B1/R6n_sms
  532: B1/R6n_w
  533: B1/X1c_sms
  534: B1/X1c_w
  535: B1/X2c_sms
  536: B1/X2c_w
  537: B1/X3c_sms
  538: B1/X3c_w
  539: B1/et
  540: B1/eO2
  541: B1/eN4n
  542: B1/eN1p
  543: B1/rd
  544: B1/rum
  545: B1/cuR1
  546: B1/cuR6
  547: B1/iNIn
  548: B1/iN1p
  549: B1/iN
  550: B1/ruR1c
  551: B1/ruR2c
  552: B1/ruR3c
  553: B1/ruR6c
  554: B1/ruX1c
  555: B1/ruX2c
  556: B1/ruX3c
  557: B1/rut
  558: B1/rug
  559: B1/ruR1n
  560: B1/ruR6n
  561: B1/ruR1p
  562: B1/ruR6p
  563: B1/rrc
  564: B1/flN6rPBA
  565: B1/run
  566: B1/renh4
  567: B1/rumn3
  568: B1/rumn4
  569: B1/rumn
  570: B1/ren
  571: B1/rep
  572: B1/repo4
  573: B1/reR3c
  574: B1/varO3h_for_Putil
  575: B1/varO3h_for_Nutil
  576: B1/varO3h_reminNH4
  577: B1/_attenuation_coefficient_of_photosynthetic_radiative_flux
  578: Z5/c_sms
  579: Z5/c_w
  580: Z5/n_sms
  581: Z5/n_w
  582: Z5/p_sms
  583: Z5/p_w
  584: Z5/prey1c_sms
  585: Z5/prey1c_w
  586: Z5/prey1n_sms
  587: Z5/prey1n_w
  588: Z5/prey1p_sms
  589: Z5/prey1p_w
  590: Z5/prey1s_sms
  591: Z5/prey1s_w
  592: Z5/prey1Chl_sms
  593: Z5/prey1Chl_w
  594: Z5/prey2c_sms
  595: Z5/prey2c_w
  596: Z5/prey2n_sms
  597: Z5/prey2n_w
  598: Z5/prey2p_sms
  599: Z5/prey2p_w
  600: Z5/prey2s_sms
  601: Z5/prey2s_w
  602: Z5/prey2Chl_sms
  603: Z5/prey2Chl_w
  604: Z5/prey3c_sms
  605: Z5/prey3c_w
  606: Z5/prey3n_sms
  607: Z5/prey3n_w
  608: Z5/prey3p_sms
  609: Z5/prey3p_w
  610: Z5/prey3s_sms
  611: Z5/prey3s_w
  612: Z5/prey3Chl_sms
  613: Z5/prey3Chl_w
  614: Z5/prey4c_sms
  615: Z5/prey4c_w
  616: Z5/prey4n_sms
  617: Z5/prey4n_w
  618: Z5/prey4p_sms
  619: Z5/prey4p_w
  620: Z5/prey4s_sms
  621: Z5/prey4s_w
  622: Z5/prey4Chl_sms
  623: Z5/prey4Chl_w
  624: Z5/prey5c_sms
  625: Z5/prey5c_w
  626: Z5/prey5n_sms
  627: Z5/prey5n_w
  628: Z5/prey5p_sms
  629: Z5/prey5p_w
  630: Z5/prey5s_sms
  631: Z5/prey5s_w
  632: Z5/prey5Chl_sms
  633: Z5/prey5Chl_w
  634: Z5/prey6c_sms
  635: Z5/prey6c_w
  636: Z5/prey6n_sms
  637: Z5/prey6n_w
  638: Z5/prey6p_sms
  639: Z5/prey6p_w
  640: Z5/prey6s_sms
  641: Z5/prey6s_w
  642: Z5/prey6Chl_sms
  643: Z5/prey6Chl_w
  644: Z5/prey7c_sms
  645: Z5/prey7c_w
  646: Z5/prey7n_sms
  647: Z5/prey7n_w
  648: Z5/prey7p_sms
  649: Z5/prey7p_w
  650: Z5/prey7s_sms
  651: Z5/prey7s_w
  652: Z5/prey7Chl_sms
  653: Z5/prey7Chl_w
  654: Z5/O2o_sms
  655: Z5/O2o_w
  656: Z5/O3c_sms
  657: Z5/O3c_w
  658: Z5/O5c_sms
  659: Z5/O5c_w
  660: Z5/O3h_sms
  661: Z5/O3h_w
  662: Z5/N4n_sms
  663: Z5/N4n_w
  664: Z5/N1p_sms
  665: Z5/N1p_w
  666: Z5/R6c_sms
  667: Z5/R6c_w
  668: Z5/R6s_sms
  669: Z5/R6s_w
  670: Z5/R6n_sms
  671: Z5/R6n_w
  672: Z5/R6p_sms
  673: Z5/R6p_w
  674: Z5/X1c_sms
  675: Z5/X1c_w
  676: Z5/R1c_sms
  677: Z5/R1c_w
  678: Z5/R1n_sms
  679: Z5/R1n_w
  680: Z5/R1p_sms
  681: Z5/R1p_w
  682: Z5/ETW
  683: Z5/et
  684: Z5/eO2
  685: Z5/rumc
  686: Z5/rugc
  687: Z5/sut
  688: Z5/rugn
  689: Z5/rugp
  690: Z5/rrtc
  691: Z5/rrsc
  692: Z5/rrac
  693: Z5/rric
  694: Z5/reac
  695: Z5/rdc
  696: Z5/rr1c
  697: Z5/rr6c
  698: Z5/rrin
  699: Z5/rr1n
  700: Z5/rr6n
  701: Z5/rrip
  702: Z5/rr1p
  703: Z5/rr6p
  704: Z5/runc
  705: Z5/runn
  706: Z5/runp
  707: Z5/ren
  708: Z5/rep
  709: Z5/varO3h_Nutil
  710: Z5/varO3h_Putil
  711: Z5/_P2_CaCO3precip
  712: Z5/_P2_consumeO3h_for_CaCO3precip
  713: Z5/_attenuation_coefficient_of_photosynthetic_radiative_flux
  714: Z6/c_sms
  715: Z6/c_w
  716: Z6/n_sms
  717: Z6/n_w
  718: Z6/p_sms
  719: Z6/p_w
  720: Z6/prey1c_sms
  721: Z6/prey1c_w
  722: Z6/prey1n_sms
  723: Z6/prey1n_w
  724: Z6/prey1p_sms
  725: Z6/prey1p_w
  726: Z6/prey1s_sms
  727: Z6/prey1s_w
  728: Z6/prey1Chl_sms
  729: Z6/prey1Chl_w
  730: Z6/prey2c_sms
  731: Z6/prey2c_w
  732: Z6/prey2n_sms
  733: Z6/prey2n_w
  734: Z6/prey2p_sms
  735: Z6/prey2p_w
  736: Z6/prey2s_sms
  737: Z6/prey2s_w
  738: Z6/prey2Chl_sms
  739: Z6/prey2Chl_w
  740: Z6/prey3c_sms
  741: Z6/prey3c_w
  742: Z6/prey3n_sms
  743: Z6/prey3n_w
  744: Z6/prey3p_sms
  745: Z6/prey3p_w
  746: Z6/prey3s_sms
  747: Z6/prey3s_w
  748: Z6/prey3Chl_sms
  749: Z6/prey3Chl_w
  750: Z6/prey4c_sms
  751: Z6/prey4c_w
  752: Z6/prey4n_sms
  753: Z6/prey4n_w
  754: Z6/prey4p_sms
  755: Z6/prey4p_w
  756: Z6/prey4s_sms
  757: Z6/prey4s_w
  758: Z6/prey4Chl_sms
  759: Z6/prey4Chl_w
  760: Z6/prey5c_sms
  761: Z6/prey5c_w
  762: Z6/prey5n_sms
  763: Z6/prey5n_w
  764: Z6/prey5p_sms
  765: Z6/prey5p_w
  766: Z6/prey5s_sms
  767: Z6/prey5s_w
  768: Z6/prey5Chl_sms
  769: Z6/prey5Chl_w
  770: Z6/prey6c_sms
  771: Z6/prey6c_w
  772: Z6/prey6n_sms
  773: Z6/prey6n_w
  774: Z6/prey6p_sms
  775: Z6/prey6p_w
  776: Z6/prey6s_sms
  777: Z6/prey6s_w
  778: Z6/prey6Chl_sms
  779: Z6/prey6Chl_w
  780: Z6/prey7c_sms
  781: Z6/prey7c_w
  782: Z6/prey7n_sms
  783: Z6/prey7n_w
  784: Z6/prey7p_sms
  785: Z6/prey7p_w
  786: Z6/prey7s_sms
  787: Z6/prey7s_w
  788: Z6/prey7Chl_sms
  789: Z6/prey7Chl_w
  790: Z6/O2o_sms
  791: Z6/O2o_w
  792: Z6/O3c_sms
  793: Z6/O3c_w
  794: Z6/O5c_sms
  795: Z6/O5c_w
  796: Z6/O3h_sms
  797: Z6/O3h_w
  798: Z6/N4n_sms
  799: Z6/N4n_w
  800: Z6/N1p_sms
  801: Z6/N1p_w
  802: Z6/R6c_sms
  803: Z6/R6c_w
  804: Z6/R6s_sms
  805: Z6/R6s_w
  806: Z6/R6n_sms
  807: Z6/R6n_w
  808: Z6/R6p_sms
  809: Z6/R6p_w
  810: Z6/X1c_sms
  811: Z6/X1c_w
  812: Z6/R1c_sms
  813: Z6/R1c_w
  814: Z6/R1n_sms
  815: Z6/R1n_w
  816: Z6/R1p_sms
  817: Z6/R1p_w
  818: Z6/ETW
  819: Z6/et
  820: Z6/eO2
  821: Z6/rumc
  822: Z6/rugc
  823: Z6/sut
  824: Z6/rugn
  825: Z6/rugp
  826: Z6/rrtc
  827: Z6/rrsc
  828: Z6/rrac
  829: Z6/rric
  830: Z6/reac
  831: Z6/rdc
  832: Z6/rr1c
  833: Z6/rr6c
  834: Z6/rrin
  835: Z6/rr1n
  836: Z6/rr6n
  837: Z6/rrip
  838: Z6/rr1p
  839: Z6/rr6p
  840: Z6/runc
  841: Z6/runn
  842: Z6/runp
  843: Z6/ren
  844: Z6/rep
  845: Z6/varO3h_Nutil
  846: Z6/varO3h_Putil
  847: Z6/_P2_CaCO3precip
  848: Z6/_P2_consumeO3h_for_CaCO3precip
  849: Z6/_attenuation_coefficient_of_photosynthetic_radiative_flux
  850: Z3/c_sms
  851: Z3/c_w
  852: Z3/n_sms
  853: Z3/n_w
  854: Z3/p_sms
  855: Z3/p_w
  856: Z3/prey1c_sms
  857: Z3/prey1c_w
  858: Z3/prey1n_sms
  859: Z3/prey1n_w
  860: Z3/prey1p_sms
  861: Z3/prey1p_w
  862: Z3/prey1Chl_sms
  863: Z3/prey1Chl_w
  864: Z3/prey1Chld
  865: Z3/prey1rate
  866: Z3/prey1s_sms
  867: Z3/prey1s_w
  868: Z3/prey2c_sms
  869: Z3/prey2c_w
  870: Z3/prey2n_sms
  871: Z3/prey2n_w
  872: Z3/prey2p_sms
  873: Z3/prey2p_w
  874: Z3/prey2Chl_sms
  875: Z3/prey2Chl_w
  876: Z3/prey2Chld
  877: Z3/prey2rate
  878: Z3/prey2s_sms
  879: Z3/prey2s_w
  880: Z3/prey3c_sms
  881: Z3/prey3c_w
  882: Z3/prey3n_sms
  883: Z3/prey3n_w
  884: Z3/prey3p_sms
  885: Z3/prey3p_w
  886: Z3/prey3Chl_sms
  887: Z3/prey3Chl_w
  888: Z3/prey3Chld
  889: Z3/prey3rate
  890: Z3/prey3s_sms
  891: Z3/prey3s_w
  892: Z3/O2o_sms
  893: Z3/O2o_w
  894: Z3/O3c_sms
  895: Z3/O3c_w
  896: Z3/O3h_sms
  897: Z3/O3h_w
  898: Z3/O5c_sms
  899: Z3/O5c_w
  900: Z3/N1p_sms
  901: Z3/N1p_w
  902: Z3/N4n_sms
  903: Z3/N4n_w
  904: Z3/R6c_sms
  905: Z3/R6c_w
  906: Z3/R6p_sms
  907: Z3/R6p_w
  908: Z3/R6n_sms
  909: Z3/R6n_w
  910: Z3/R6s_sms
  911: Z3/R6s_w
  912: Z3/qncMEZ
  913: Z3/qpcMEZ
  914: Z3/prey2l
  915: Z3/prey1x
  916: Z3/ETW
  917: Z3/et
  918: Z3/eo
  919: Z3/rumc
  920: Z3/rugc
  921: Z3/sut
  922: Z3/rut_c
  923: Z3/rut_n
  924: Z3/rut_p
  925: Z3/rrc
  926: Z3/rdo_c
  927: Z3/rd_c
  928: Z3/rq6c
  929: Z3/rq6n
  930: Z3/rq6p
  931: Z3/ren
  932: Z3/rep
  933: Z3/varO3h_Nutil
  934: Z3/varO3h_Putil
  935: Z3/temp_p
  936: Z3/temp_n
  937: Z3/limit
  938: Z3/pe_R6c
  939: Z3/pe_N1p
  940: Z3/pe_N4n
  941: Z3/_attenuation_coefficient_of_photosynthetic_radiative_flux
  942: Z4/c_sms
  943: Z4/c_w
  944: Z4/n_sms
  945: Z4/n_w
  946: Z4/p_sms
  947: Z4/p_w
  948: Z4/prey1c_sms
  949: Z4/prey1c_w
  950: Z4/prey1n_sms
  951: Z4/prey1n_w
  952: Z4/prey1p_sms
  953: Z4/prey1p_w
  954: Z4/prey1Chl_sms
  955: Z4/prey1Chl_w
  956: Z4/prey1Chld
  957: Z4/prey1rate
  958: Z4/prey1s_sms
  959: Z4/prey1s_w
  960: Z4/prey2c_sms
  961: Z4/prey2c_w
  962: Z4/prey2n_sms
  963: Z4/prey2n_w
  964: Z4/prey2p_sms
  965: Z4/prey2p_w
  966: Z4/prey2Chl_sms
  967: Z4/prey2Chl_w
  968: Z4/prey2Chld
  969: Z4/prey2rate
  970: Z4/prey2s_sms
  971: Z4/prey2s_w
  972: Z4/prey3c_sms
  973: Z4/prey3c_w
  974: Z4/prey3n_sms
  975: Z4/prey3n_w
  976: Z4/prey3p_sms
  977: Z4/prey3p_w
  978: Z4/prey3Chl_sms
  979: Z4/prey3Chl_w
  980: Z4/prey3Chld
  981: Z4/prey3rate
  982: Z4/prey3s_sms
  983: Z4/prey3s_w
  984: Z4/prey4c_sms
  985: Z4/prey4c_w
  986: Z4/prey4n_sms
  987: Z4/prey4n_w
  988: Z4/prey4p_sms
  989: Z4/prey4p_w
  990: Z4/prey4Chl_sms
  991: Z4/prey4Chl_w
  992: Z4/prey4Chld
  993: Z4/prey4rate
  994: Z4/prey4s_sms
  995: Z4/prey4s_w
  996: Z4/prey5c_sms
  997: Z4/prey5c_w
  998: Z4/prey5n_sms
  999: Z4/prey5n_w
  1000: Z4/prey5p_sms
  1001: Z4/prey5p_w
  1002: Z4/prey5Chl_sms
  1003: Z4/prey5Chl_w
  1004: Z4/prey5Chld
  1005: Z4/prey5rate
  1006: Z4/prey5s_sms
  1007: Z4/prey5s_w
  1008: Z4/O2o_sms
  1009: Z4/O2o_w
  1010: Z4/O3c_sms
  1011: Z4/O3c_w
  1012: Z4/O3h_sms
  1013: Z4/O3h_w
  1014: Z4/O5c_sms
  1015: Z4/O5c_w
  1016: Z4/N1p_sms
  1017: Z4/N1p_w
  1018: Z4/N4n_sms
  1019: Z4/N4n_w
  1020: Z4/R6c_sms
  1021: Z4/R6c_w
  1022: Z4/R6p_sms
  1023: Z4/R6p_w
  1024: Z4/R6n_sms
  1025: Z4/R6n_w
  1026: Z4/R6s_sms
  1027: Z4/R6s_w
  1028: Z4/qncMEZ
  1029: Z4/qpcMEZ
  1030: Z4/prey2l
  1031: Z4/prey1x
  1032: Z4/ETW
  1033: Z4/et
  1034: Z4/eo
  1035: Z4/rumc
  1036: Z4/rugc
  1037: Z4/sut
  1038: Z4/rut_c
  1039: Z4/rut_n
  1040: Z4/rut_p
  1041: Z4/rrc
  1042: Z4/rdo_c
  1043: Z4/rd_c
  1044: Z4/rq6c
  1045: Z4/rq6n
  1046: Z4/rq6p
  1047: Z4/ren
  1048: Z4/rep
  1049: Z4/varO3h_Nutil
  1050: Z4/varO3h_Putil
  1051: Z4/temp_p
  1052: Z4/temp_n
  1053: Z4/limit
  1054: Z4/pe_R6c
  1055: Z4/pe_N1p
  1056: Z4/pe_N4n
  1057: Z4/_P2_CaCO3precip
  1058: Z4/_P2_consumeO3h_for_CaCO3precip
  1059: Z4/_attenuation_coefficient_of_photosynthetic_radiative_flux
  1060: PelChem/O3h_sms
  1061: PelChem/O3h_w
  1062: PelChem/O2o_sms
  1063: PelChem/O2o_w
  1064: PelChem/N3n_sms
  1065: PelChem/N3n_w
  1066: PelChem/N4n_sms
  1067: PelChem/N4n_w
  1068: PelChem/N5s_sms
  1069: PelChem/N5s_w
  1070: PelChem/N6r_sms
  1071: PelChem/N6r_w
  1072: PelChem/R3c_sms
  1073: PelChem/R3c_w
  1074: PelChem/R6s_sms
  1075: PelChem/R6s_w
  1076: PelChem/X1c_sms
  1077: PelChem/X1c_w
  1078: PelChem/X2c_sms
  1079: PelChem/X2c_w
  1080: PelChem/X3c_sms
  1081: PelChem/X3c_w
  1082: PelChem/O4n_sms
  1083: PelChem/O4n_w
  1084: PelChem/eo
  1085: PelChem/er
  1086: PelChem/flN4N3n
  1087: PelChem/flN4N3n_o2
  1088: PelChem/flN3O4n
  1089: PelChem/flN3O4n_N6r
  1090: PelChem/fN6O2r
  1091: PelChem/fR6N5s
  1092: PelChem/degX1c
  1093: PelChem/degX2c
  1094: PelChem/degX3c
  1095: PelChem/varO3h_for_nitr
  1096: PelChem/varO3h_for_denitr
  1097: PelChem/_attenuation_coefficient_of_photosynthetic_radiative_flux
  1098: O5/c_sms
  1099: O5/c_w
  1100: O5/fCaCO2_2_O3c
  1101: O5/fCaCO2_2_O3h
  1102: O5/O3c_sms
  1103: O5/O3c_w
  1104: O5/O3h_sms
  1105: O5/O3h_w
  1106: O5/_attenuation_coefficient_of_photosynthetic_radiative_flux
  1107: zero
  1108: Z5/prey1_state1_sms
  1109: Z5/prey1_state1_w
  1110: Z5/prey1_state2_sms
  1111: Z5/prey1_state2_w
  1112: Z5/prey1_state3_sms
  1113: Z5/prey1_state3_w
  1114: Z5/prey2_state1_sms
  1115: Z5/prey2_state1_w
  1116: Z5/prey2_state2_sms
  1117: Z5/prey2_state2_w
  1118: Z5/prey2_state3_sms
  1119: Z5/prey2_state3_w
  1120: Z5/prey2_state4_sms
  1121: Z5/prey2_state4_w
  1122: Z5/prey2_state5_sms
  1123: Z5/prey2_state5_w
  1124: Z5/prey3_state1_sms
  1125: Z5/prey3_state1_w
  1126: Z5/prey3_state2_sms
  1127: Z5/prey3_state2_w
  1128: Z5/prey3_state3_sms
  1129: Z5/prey3_state3_w
  1130: Z5/prey3_state4_sms
  1131: Z5/prey3_state4_w
  1132: Z5/prey4_state1_sms
  1133: Z5/prey4_state1_w
  1134: Z5/prey4_state2_sms
  1135: Z5/prey4_state2_w
  1136: Z5/prey4_state3_sms
  1137: Z5/prey4_state3_w
  1138: Z5/prey4_state4_sms
  1139: Z5/prey4_state4_w
  1140: Z5/prey5_state1_sms
  1141: Z5/prey5_state1_w
  1142: Z5/prey5_state2_sms
  1143: Z5/prey5_state2_w
  1144: Z5/prey5_state3_sms
  1145: Z5/prey5_state3_w
  1146: Z5/prey5_state4_sms
  1147: Z5/prey5_state4_w
  1148: Z5/prey6_state1_sms
  1149: Z5/prey6_state1_w
  1150: Z5/prey6_state2_sms
  1151: Z5/prey6_state2_w
  1152: Z5/prey6_state3_sms
  1153: Z5/prey6_state3_w
  1154: Z5/prey7_state1_sms
  1155: Z5/prey7_state1_w
  1156: Z5/prey7_state2_sms
  1157: Z5/prey7_state2_w
  1158: Z5/prey7_state3_sms
  1159: Z5/prey7_state3_w
  1160: Z6/prey1_state1_sms
  1161: Z6/prey1_state1_w
  1162: Z6/prey1_state2_sms
  1163: Z6/prey1_state2_w
  1164: Z6/prey1_state3_sms
  1165: Z6/prey1_state3_w
  1166: Z6/prey2_state1_sms
  1167: Z6/prey2_state1_w
  1168: Z6/prey2_state2_sms
  1169: Z6/prey2_state2_w
  1170: Z6/prey2_state3_sms
  1171: Z6/prey2_state3_w
  1172: Z6/prey2_state4_sms
  1173: Z6/prey2_state4_w
  1174: Z6/prey2_state5_sms
  1175: Z6/prey2_state5_w
  1176: Z6/prey3_state1_sms
  1177: Z6/prey3_state1_w
  1178: Z6/prey3_state2_sms
  1179: Z6/prey3_state2_w
  1180: Z6/prey3_state3_sms
  1181: Z6/prey3_state3_w
  1182: Z6/prey3_state4_sms
  1183: Z6/prey3_state4_w
  1184: Z6/prey4_state1_sms
  1185: Z6/prey4_state1_w
  1186: Z6/prey4_state2_sms
  1187: Z6/prey4_state2_w
  1188: Z6/prey4_state3_sms
  1189: Z6/prey4_state3_w
  1190: Z6/prey4_state4_sms
  1191: Z6/prey4_state4_w
  1192: Z6/prey5_state1_sms
  1193: Z6/prey5_state1_w
  1194: Z6/prey5_state2_sms
  1195: Z6/prey5_state2_w
  1196: Z6/prey5_state3_sms
  1197: Z6/prey5_state3_w
  1198: Z6/prey5_state4_sms
  1199: Z6/prey5_state4_w
  1200: Z6/prey6_state1_sms
  1201: Z6/prey6_state1_w
  1202: Z6/prey6_state2_sms
  1203: Z6/prey6_state2_w
  1204: Z6/prey6_state3_sms
  1205: Z6/prey6_state3_w
  1206: Z6/prey7_state1_sms
  1207: Z6/prey7_state1_w
  1208: Z6/prey7_state2_sms
  1209: Z6/prey7_state2_w
  1210: Z6/prey7_state3_sms
  1211: Z6/prey7_state3_w
  1212: Z3/prey1_state1_sms
  1213: Z3/prey1_state1_w
  1214: Z3/prey1_state2_sms
  1215: Z3/prey1_state2_w
  1216: Z3/prey1_state3_sms
  1217: Z3/prey1_state3_w
  1218: Z3/prey1_state4_sms
  1219: Z3/prey1_state4_w
  1220: Z3/prey2_state1_sms
  1221: Z3/prey2_state1_w
  1222: Z3/prey2_state2_sms
  1223: Z3/prey2_state2_w
  1224: Z3/prey2_state3_sms
  1225: Z3/prey2_state3_w
  1226: Z3/prey3_state1_sms
  1227: Z3/prey3_state1_w
  1228: Z3/prey3_state2_sms
  1229: Z3/prey3_state2_w
  1230: Z3/prey3_state3_sms
  1231: Z3/prey3_state3_w
  1232: Z4/prey1_state1_sms
  1233: Z4/prey1_state1_w
  1234: Z4/prey1_state2_sms
  1235: Z4/prey1_state2_w
  1236: Z4/prey1_state3_sms
  1237: Z4/prey1_state3_w
  1238: Z4/prey1_state4_sms
  1239: Z4/prey1_state4_w
  1240: Z4/prey1_state5_sms
  1241: Z4/prey1_state5_w
  1242: Z4/prey2_state1_sms
  1243: Z4/prey2_state1_w
  1244: Z4/prey2_state2_sms
  1245: Z4/prey2_state2_w
  1246: Z4/prey2_state3_sms
  1247: Z4/prey2_state3_w
  1248: Z4/prey2_state4_sms
  1249: Z4/prey2_state4_w
  1250: Z4/prey3_state1_sms
  1251: Z4/prey3_state1_w
  1252: Z4/prey3_state2_sms
  1253: Z4/prey3_state2_w
  1254: Z4/prey3_state3_sms
  1255: Z4/prey3_state3_w
  1256: Z4/prey3_state4_sms
  1257: Z4/prey3_state4_w
  1258: Z4/prey4_state1_sms
  1259: Z4/prey4_state1_w
  1260: Z4/prey4_state2_sms
  1261: Z4/prey4_state2_w
  1262: Z4/prey4_state3_sms
  1263: Z4/prey4_state3_w
  1264: Z4/prey5_state1_sms
  1265: Z4/prey5_state1_w
  1266: Z4/prey5_state2_sms
  1267: Z4/prey5_state2_w
  1268: Z4/prey5_state3_sms
  1269: Z4/prey5_state3_w
  1270: total_chlorophyll_calculator/result
  1271: total_phosphorus_calculator/result
  1272: total_nitrogen_calculator/result
  1273: total_silicate_calculator/result
  1274: total_carbon_calculator/result
  1275: attenuation_coefficient_of_photosynthetic_radiative_flux_calculator/result
  1276: P2/total_silicate
  1277: P3/total_silicate
  1278: P4/total_silicate
  1279: B1/total_chlorophyll
  1280: B1/total_silicate
  1281: Z5/total_chlorophyll
  1282: Z5/total_silicate
  1283: Z6/total_chlorophyll
  1284: Z6/total_silicate
  1285: Z3/total_silicate
  1286: Z3/total_chlorophyll
  1287: Z4/total_silicate
  1288: Z4/total_chlorophyll
  1289: zero_sms_tot
  1290: zero_w_tot
  1291: N1/p_sms_tot_calculator/result
  1292: N1/p_w_tot_calculator/result
  1293: N3/n_sms_tot_calculator/result
  1294: N3/n_w_tot_calculator/result
  1295: N4/n_sms_tot_calculator/result
  1296: N4/n_w_tot_calculator/result
  1297: N5/s_sms_tot_calculator/result
  1298: N5/s_w_tot_calculator/result
  1299: N6/r_sms_tot_calculator/result
  1300: N6/r_w_tot_calculator/result
  1301: O3/c_sms_tot_calculator/result
  1302: O3/c_w_tot_calculator/result
  1303: O2/o_sms_tot_calculator/result
  1304: O2/o_w_tot_calculator/result
  1305: O3h/h_sms_tot_calculator/result
  1306: O3h/h_w_tot_calculator/result
  1307: O4/n_sms_tot_calculator/result
  1308: O4/n_w_tot_calculator/result
  1309: R1/c_sms_tot_calculator/result
  1310: R1/c_w_tot_calculator/result
  1311: R1/n_sms_tot_calculator/result
  1312: R1/n_w_tot_calculator/result
  1313: R1/p_sms_tot_calculator/result
  1314: R1/p_w_tot_calculator/result
  1315: R2/c_sms_tot_calculator/result
  1316: R2/c_w_tot_calculator/result
  1317: R3/c_sms_tot_calculator/result
  1318: R3/c_w_tot_calculator/result
  1319: R6/c_sms_tot_calculator/result
  1320: R6/c_w_tot_calculator/result
  1321: R6/n_sms_tot_calculator/result
  1322: R6/n_w_tot_calculator/result
  1323: R6/p_sms_tot_calculator/result
  1324: R6/p_w_tot_calculator/result
  1325: R6/s_sms_tot_calculator/result
  1326: R6/s_w_tot_calculator/result
  1327: X1/c_sms_tot_calculator/result
  1328: X1/c_w_tot_calculator/result
  1329: X2/c_sms_tot_calculator/result
  1330: X2/c_w_tot_calculator/result
  1331: X3/c_sms_tot_calculator/result
  1332: X3/c_w_tot_calculator/result
  1333: P1/c_sms_tot_calculator/result
  1334: P1/c_w_tot_calculator/result
  1335: P1/n_sms_tot_calculator/result
  1336: P1/n_w_tot_calculator/result
  1337: P1/p_sms_tot_calculator/result
  1338: P1/p_w_tot_calculator/result
  1339: P1/Chl_sms_tot_calculator/result
  1340: P1/Chl_w_tot_calculator/result
  1341: P1/s_sms_tot_calculator/result
  1342: P1/s_w_tot_calculator/result
  1343: P2/c_sms_tot_calculator/result
  1344: P2/c_w_tot_calculator/result
  1345: P2/n_sms_tot_calculator/result
  1346: P2/n_w_tot_calculator/result
  1347: P2/p_sms_tot_calculator/result
  1348: P2/p_w_tot_calculator/result
  1349: P2/Chl_sms_tot_calculator/result
  1350: P2/Chl_w_tot_calculator/result
  1351: P2/total_silicate_sms_tot_calculator/result
  1352: P2/total_silicate_w_tot_calculator/result
  1353: P3/c_sms_tot_calculator/result
  1354: P3/c_w_tot_calculator/result
  1355: P3/n_sms_tot_calculator/result
  1356: P3/n_w_tot_calculator/result
  1357: P3/p_sms_tot_calculator/result
  1358: P3/p_w_tot_calculator/result
  1359: P3/Chl_sms_tot_calculator/result
  1360: P3/Chl_w_tot_calculator/result
  1361: P3/total_silicate_sms_tot_calculator/result
  1362: P3/total_silicate_w_tot_calculator/result
  1363: P4/c_sms_tot_calculator/result
  1364: P4/c_w_tot_calculator/result
  1365: P4/n_sms_tot_calculator/result
  1366: P4/n_w_tot_calculator/result
  1367: P4/p_sms_tot_calculator/result
  1368: P4/p_w_tot_calculator/result
  1369: P4/Chl_sms_tot_calculator/result
  1370: P4/Chl_w_tot_calculator/result
  1371: P4/total_silicate_sms_tot_calculator/result
  1372: P4/total_silicate_w_tot_calculator/result
  1373: B1/c_sms_tot_calculator/result
  1374: B1/c_w_tot_calculator/result
  1375: B1/n_sms_tot_calculator/result
  1376: B1/n_w_tot_calculator/result
  1377: B1/p_sms_tot_calculator/result
  1378: B1/p_w_tot_calculator/result
  1379: B1/total_chlorophyll_sms_tot_calculator/result
  1380: B1/total_chlorophyll_w_tot_calculator/result
  1381: B1/total_silicate_sms_tot_calculator/result
  1382: B1/total_silicate_w_tot_calculator/result
  1383: Z5/c_sms_tot_calculator/result
  1384: Z5/c_w_tot_calculator/result
  1385: Z5/n_sms_tot_calculator/result
  1386: Z5/n_w_tot_calculator/result
  1387: Z5/p_sms_tot_calculator/result
  1388: Z5/p_w_tot_calculator/result
  1389: Z5/total_chlorophyll_sms_tot_calculator/result
  1390: Z5/total_chlorophyll_w_tot_calculator/result
  1391: Z5/total_silicate_sms_tot_calculator/result
  1392: Z5/total_silicate_w_tot_calculator/result
  1393: Z6/c_sms_tot_calculator/result
  1394: Z6/c_w_tot_calculator/result
  1395: Z6/n_sms_tot_calculator/result
  1396: Z6/n_w_tot_calculator/result
  1397: Z6/p_sms_tot_calculator/result
  1398: Z6/p_w_tot_calculator/result
  1399: Z6/total_chlorophyll_sms_tot_calculator/result
  1400: Z6/total_chlorophyll_w_tot_calculator/result
  1401: Z6/total_silicate_sms_tot_calculator/result
  1402: Z6/total_silicate_w_tot_calculator/result
  1403: Z3/c_sms_tot_calculator/result
  1404: Z3/c_w_tot_calculator/result
  1405: Z3/n_sms_tot_calculator/result
  1406: Z3/n_w_tot_calculator/result
  1407: Z3/p_sms_tot_calculator/result
  1408: Z3/p_w_tot_calculator/result
  1409: Z4/c_sms_tot_calculator/result
  1410: Z4/c_w_tot_calculator/result
  1411: Z4/n_sms_tot_calculator/result
  1412: Z4/n_w_tot_calculator/result
  1413: Z4/p_sms_tot_calculator/result
  1414: Z4/p_w_tot_calculator/result
  1415: Z4/total_silicate_sms_tot_calculator/result
  1416: Z4/total_silicate_w_tot_calculator/result
  1417: Z4/total_chlorophyll_sms_tot_calculator/result
  1418: Z4/total_chlorophyll_w_tot_calculator/result
  1419: O5/c_sms_tot_calculator/result
  1420: O5/c_w_tot_calculator/result
  1421: cell_thickness
  1422: temperature
  1423: practical_salinity
  1424: density
  1425: depth
  1426: pressure
Horizontal catalog:
  1: zenith_angle/zenithA
  2: zenith_angle/_surface_albedo
  3: zenith_angle/_surface_drag_coefficient_in_air
  4: light/P1chl_sfl
  5: light/P1chl_bfl
  6: light/P2chl_sfl
  7: light/P2chl_bfl
  8: light/P3chl_sfl
  9: light/P3chl_bfl
  10: light/P4chl_sfl
  11: light/P4chl_bfl
  12: light/_surface_albedo
  13: light/_surface_drag_coefficient_in_air
  14: N1/p_sfl
  15: N1/p_bfl
  16: N1/_surface_albedo
  17: N1/_surface_drag_coefficient_in_air
  18: N3/n_sfl
  19: N3/n_bfl
  20: N3/_surface_albedo
  21: N3/_surface_drag_coefficient_in_air
  22: N4/n_sfl
  23: N4/n_bfl
  24: N4/_surface_albedo
  25: N4/_surface_drag_coefficient_in_air
  26: N5/s_sfl
  27: N5/s_bfl
  28: N5/_surface_albedo
  29: N5/_surface_drag_coefficient_in_air
  30: N6/r_sfl
  31: N6/r_bfl
  32: N6/_surface_albedo
  33: N6/_surface_drag_coefficient_in_air
  34: O3/c_sfl
  35: O3/c_bfl
  36: O3/N1p_sfl
  37: O3/N1p_bfl
  38: O3/N5s_sfl
  39: O3/N5s_bfl
  40: O3/O3h_sfl
  41: O3/O3h_bfl
  42: O3/fair
  43: O3/wind
  44: O3/_surface_albedo
  45: O3/_surface_drag_coefficient_in_air
  46: O2/o_sfl
  47: O2/o_bfl
  48: O2/o2flux
  49: O2/_surface_albedo
  50: O2/_surface_drag_coefficient_in_air
  51: O3h/h_sfl
  52: O3h/h_bfl
  53: O3h/_surface_albedo
  54: O3h/_surface_drag_coefficient_in_air
  55: O4/n_sfl
  56: O4/n_bfl
  57: O4/_surface_albedo
  58: O4/_surface_drag_coefficient_in_air
  59: R1/c_sfl
  60: R1/c_bfl
  61: R1/n_sfl
  62: R1/n_bfl
  63: R1/p_sfl
  64: R1/p_bfl
  65: R1/_surface_albedo
  66: R1/_surface_drag_coefficient_in_air
  67: R2/c_sfl
  68: R2/c_bfl
  69: R2/_surface_albedo
  70: R2/_surface_drag_coefficient_in_air
  71: R3/c_sfl
  72: R3/c_bfl
  73: R3/_surface_albedo
  74: R3/_surface_drag_coefficient_in_air
  75: R6/c_sfl
  76: R6/c_bfl
  77: R6/n_sfl
  78: R6/n_bfl
  79: R6/p_sfl
  80: R6/p_bfl
  81: R6/s_sfl
  82: R6/s_bfl
  83: R6/_surface_albedo
  84: R6/_surface_drag_coefficient_in_air
  85: X1/c_sfl
  86: X1/c_bfl
  87: X1/_surface_albedo
  88: X1/_surface_drag_coefficient_in_air
  89: X2/c_sfl
  90: X2/c_bfl
  91: X2/_surface_albedo
  92: X2/_surface_drag_coefficient_in_air
  93: X3/c_sfl
  94: X3/c_bfl
  95: X3/_surface_albedo
  96: X3/_surface_drag_coefficient_in_air
  97: P1/c_sfl
  98: P1/c_bfl
  99: P1/n_sfl
  100: P1/n_bfl
  101: P1/p_sfl
  102: P1/p_bfl
  103: P1/Chl_sfl
  104: P1/Chl_bfl
  105: P1/s_sfl
  106: P1/s_bfl
  107: P1/O3c_sfl
  108: P1/O3c_bfl
  109: P1/O3h_sfl
  110: P1/O3h_bfl
  111: P1/O5c_sfl
  112: P1/O5c_bfl
  113: P1/O2o_sfl
  114: P1/O2o_bfl
  115: P1/N1p_sfl
  116: P1/N1p_bfl
  117: P1/N3n_sfl
  118: P1/N3n_bfl
  119: P1/N4n_sfl
  120: P1/N4n_bfl
  121: P1/N5s_sfl
  122: P1/N5s_bfl
  123: P1/R1c_sfl
  124: P1/R1c_bfl
  125: P1/R1p_sfl
  126: P1/R1p_bfl
  127: P1/R1n_sfl
  128: P1/R1n_bfl
  129: P1/R2c_sfl
  130: P1/R2c_bfl
  131: P1/R6c_sfl
  132: P1/R6c_bfl
  133: P1/R6p_sfl
  134: P1/R6p_bfl
  135: P1/R6n_sfl
  136: P1/R6n_bfl
  137: P1/R6s_sfl
  138: P1/R6s_bfl
  139: P1/X1c_sfl
  140: P1/X1c_bfl
  141: P1/X2c_sfl
  142: P1/X2c_bfl
  143: P1/_surface_albedo
  144: P1/_surface_drag_coefficient_in_air
  145: P2/c_sfl
  146: P2/c_bfl
  147: P2/n_sfl
  148: P2/n_bfl
  149: P2/p_sfl
  150: P2/p_bfl
  151: P2/Chl_sfl
  152: P2/Chl_bfl
  153: P2/O3c_sfl
  154: P2/O3c_bfl
  155: P2/O3h_sfl
  156: P2/O3h_bfl
  157: P2/O5c_sfl
  158: P2/O5c_bfl
  159: P2/O2o_sfl
  160: P2/O2o_bfl
  161: P2/N1p_sfl
  162: P2/N1p_bfl
  163: P2/N3n_sfl
  164: P2/N3n_bfl
  165: P2/N4n_sfl
  166: P2/N4n_bfl
  167: P2/R1c_sfl
  168: P2/R1c_bfl
  169: P2/R1p_sfl
  170: P2/R1p_bfl
  171: P2/R1n_sfl
  172: P2/R1n_bfl
  173: P2/R2c_sfl
  174: P2/R2c_bfl
  175: P2/R6c_sfl
  176: P2/R6c_bfl
  177: P2/R6p_sfl
  178: P2/R6p_bfl
  179: P2/R6n_sfl
  180: P2/R6n_bfl
  181: P2/X1c_sfl
  182: P2/X1c_bfl
  183: P2/X2c_sfl
  184: P2/X2c_bfl
  185: P2/_surface_albedo
  186: P2/_surface_drag_coefficient_in_air
  187: P3/c_sfl
  188: P3/c_bfl
  189: P3/n_sfl
  190: P3/n_bfl
  191: P3/p_sfl
  192: P3/p_bfl
  193: P3/Chl_sfl
  194: P3/Chl_bfl
  195: P3/O3c_sfl
  196: P3/O3c_bfl
  197: P3/O3h_sfl
  198: P3/O3h_bfl
  199: P3/O5c_sfl
  200: P3/O5c_bfl
  201: P3/O2o_sfl
  202: P3/O2o_bfl
  203: P3/N1p_sfl
  204: P3/N1p_bfl
  205: P3/N3n_sfl
  206: P3/N3n_bfl
  207: P3/N4n_sfl
  208: P3/N4n_bfl
  209: P3/R1c_sfl
  210: P3/R1c_bfl
  211: P3/R1p_sfl
  212: P3/R1p_bfl
  213: P3/R1n_sfl
  214: P3/R1n_bfl
  215: P3/R2c_sfl
  216: P3/R2c_bfl
  217: P3/R6c_sfl
  218: P3/R6c_bfl
  219: P3/R6p_sfl
  220: P3/R6p_bfl
  221: P3/R6n_sfl
  222: P3/R6n_bfl
  223: P3/X1c_sfl
  224: P3/X1c_bfl
  225: P3/X2c_sfl
  226: P3/X2c_bfl
  227: P3/_surface_albedo
  228: P3/_surface_drag_coefficient_in_air
  229: P4/c_sfl
  230: P4/c_bfl
  231: P4/n_sfl
  232: P4/n_bfl
  233: P4/p_sfl
  234: P4/p_bfl
  235: P4/Chl_sfl
  236: P4/Chl_bfl
  237: P4/O3c_sfl
  238: P4/O3c_bfl
  239: P4/O3h_sfl
  240: P4/O3h_bfl
  241: P4/O5c_sfl
  242: P4/O5c_bfl
  243: P4/O2o_sfl
  244: P4/O2o_bfl
  245: P4/N1p_sfl
  246: P4/N1p_bfl
  247: P4/N3n_sfl
  248: P4/N3n_bfl
  249: P4/N4n_sfl
  250: P4/N4n_bfl
  251: P4/R1c_sfl
  252: P4/R1c_bfl
  253: P4/R1p_sfl
  254: P4/R1p_bfl
  255: P4/R1n_sfl
  256: P4/R1n_bfl
  257: P4/R2c_sfl
  258: P4/R2c_bfl
  259: P4/R6c_sfl
  260: P4/R6c_bfl
  261: P4/R6p_sfl
  262: P4/R6p_bfl
  263: P4/R6n_sfl
  264: P4/R6n_bfl
  265: P4/X1c_sfl
  266: P4/X1c_bfl
  267: P4/X2c_sfl
  268: P4/X2c_bfl
  269: P4/_surface_albedo
  270: P4/_surface_drag_coefficient_in_air
  271: B1/c_sfl
  272: B1/c_bfl
  273: B1/n_sfl
  274: B1/n_bfl
  275: B1/p_sfl
  276: B1/p_bfl
  277: B1/O2o_sfl
  278: B1/O2o_bfl
  279: B1/O3c_sfl
  280: B1/O3c_bfl
  281: B1/O3h_sfl
  282: B1/O3h_bfl
  283: B1/N1p_sfl
  284: B1/N1p_bfl
  285: B1/N3n_sfl
  286: B1/N3n_bfl
  287: B1/N4n_sfl
  288: B1/N4n_bfl
  289: B1/N6r_sfl
  290: B1/N6r_bfl
  291: B1/R1c_sfl
  292: B1/R1c_bfl
  293: B1/R1p_sfl
  294: B1/R1p_bfl
  295: B1/R1n_sfl
  296: B1/R1n_bfl
  297: B1/R2c_sfl
  298: B1/R2c_bfl
  299: B1/R3c_sfl
  300: B1/R3c_bfl
  301: B1/R6c_sfl
  302: B1/R6c_bfl
  303: B1/R6p_sfl
  304: B1/R6p_bfl
  305: B1/R6n_sfl
  306: B1/R6n_bfl
  307: B1/X1c_sfl
  308: B1/X1c_bfl
  309: B1/X2c_sfl
  310: B1/X2c_bfl
  311: B1/X3c_sfl
  312: B1/X3c_bfl
  313: B1/_surface_albedo
  314: B1/_surface_drag_coefficient_in_air
  315: Z5/c_sfl
  316: Z5/c_bfl
  317: Z5/n_sfl
  318: Z5/n_bfl
  319: Z5/p_sfl
  320: Z5/p_bfl
  321: Z5/prey1c_sfl
  322: Z5/prey1c_bfl
  323: Z5/prey1n_sfl
  324: Z5/prey1n_bfl
  325: Z5/prey1p_sfl
  326: Z5/prey1p_bfl
  327: Z5/prey1s_sfl
  328: Z5/prey1s_bfl
  329: Z5/prey1Chl_sfl
  330: Z5/prey1Chl_bfl
  331: Z5/prey2c_sfl
  332: Z5/prey2c_bfl
  333: Z5/prey2n_sfl
  334: Z5/prey2n_bfl
  335: Z5/prey2p_sfl
  336: Z5/prey2p_bfl
  337: Z5/prey2s_sfl
  338: Z5/prey2s_bfl
  339: Z5/prey2Chl_sfl
  340: Z5/prey2Chl_bfl
  341: Z5/prey3c_sfl
  342: Z5/prey3c_bfl
  343: Z5/prey3n_sfl
  344: Z5/prey3n_bfl
  345: Z5/prey3p_sfl
  346: Z5/prey3p_bfl
  347: Z5/prey3s_sfl
  348: Z5/prey3s_bfl
  349: Z5/prey3Chl_sfl
  350: Z5/prey3Chl_bfl
  351: Z5/prey4c_sfl
  352: Z5/prey4c_bfl
  353: Z5/prey4n_sfl
  354: Z5/prey4n_bfl
  355: Z5/prey4p_sfl
  356: Z5/prey4p_bfl
  357: Z5/prey4s_sfl
  358: Z5/prey4s_bfl
  359: Z5/prey4Chl_sfl
  360: Z5/prey4Chl_bfl
  361: Z5/prey5c_sfl
  362: Z5/prey5c_bfl
  363: Z5/prey5n_sfl
  364: Z5/prey5n_bfl
  365: Z5/prey5p_sfl
  366: Z5/prey5p_bfl
  367: Z5/prey5s_sfl
  368: Z5/prey5s_bfl
  369: Z5/prey5Chl_sfl
  370: Z5/prey5Chl_bfl
  371: Z5/prey6c_sfl
  372: Z5/prey6c_bfl
  373: Z5/prey6n_sfl
  374: Z5/prey6n_bfl
  375: Z5/prey6p_sfl
  376: Z5/prey6p_bfl
  377: Z5/prey6s_sfl
  378: Z5/prey6s_bfl
  379: Z5/prey6Chl_sfl
  380: Z5/prey6Chl_bfl
  381: Z5/prey7c_sfl
  382: Z5/prey7c_bfl
  383: Z5/prey7n_sfl
  384: Z5/prey7n_bfl
  385: Z5/prey7p_sfl
  386: Z5/prey7p_bfl
  387: Z5/prey7s_sfl
  388: Z5/prey7s_bfl
  389: Z5/prey7Chl_sfl
  390: Z5/prey7Chl_bfl
  391: Z5/O2o_sfl
  392: Z5/O2o_bfl
  393: Z5/O3c_sfl
  394: Z5/O3c_bfl
  395: Z5/O5c_sfl
  396: Z5/O5c_bfl
  397: Z5/O3h_sfl
  398: Z5/O3h_bfl
  399: Z5/N4n_sfl
  400: Z5/N4n_bfl
  401: Z5/N1p_sfl
  402: Z5/N1p_bfl
  403: Z5/R6c_sfl
  404: Z5/R6c_bfl
  405: Z5/R6s_sfl
  406: Z5/R6s_bfl
  407: Z5/R6n_sfl
  408: Z5/R6n_bfl
  409: Z5/R6p_sfl
  410: Z5/R6p_bfl
  411: Z5/X1c_sfl
  412: Z5/X1c_bfl
  413: Z5/R1c_sfl
  414: Z5/R1c_bfl
  415: Z5/R1n_sfl
  416: Z5/R1n_bfl
  417: Z5/R1p_sfl
  418: Z5/R1p_bfl
  419: Z5/_surface_albedo
  420: Z5/_surface_drag_coefficient_in_air
  421: Z6/c_sfl
  422: Z6/c_bfl
  423: Z6/n_sfl
  424: Z6/n_bfl
  425: Z6/p_sfl
  426: Z6/p_bfl
  427: Z6/prey1c_sfl
  428: Z6/prey1c_bfl
  429: Z6/prey1n_sfl
  430: Z6/prey1n_bfl
  431: Z6/prey1p_sfl
  432: Z6/prey1p_bfl
  433: Z6/prey1s_sfl
  434: Z6/prey1s_bfl
  435: Z6/prey1Chl_sfl
  436: Z6/prey1Chl_bfl
  437: Z6/prey2c_sfl
  438: Z6/prey2c_bfl
  439: Z6/prey2n_sfl
  440: Z6/prey2n_bfl
  441: Z6/prey2p_sfl
  442: Z6/prey2p_bfl
  443: Z6/prey2s_sfl
  444: Z6/prey2s_bfl
  445: Z6/prey2Chl_sfl
  446: Z6/prey2Chl_bfl
  447: Z6/prey3c_sfl
  448: Z6/prey3c_bfl
  449: Z6/prey3n_sfl
  450: Z6/prey3n_bfl
  451: Z6/prey3p_sfl
  452: Z6/prey3p_bfl
  453: Z6/prey3s_sfl
  454: Z6/prey3s_bfl
  455: Z6/prey3Chl_sfl
  456: Z6/prey3Chl_bfl
  457: Z6/prey4c_sfl
  458: Z6/prey4c_bfl
  459: Z6/prey4n_sfl
  460: Z6/prey4n_bfl
  461: Z6/prey4p_sfl
  462: Z6/prey4p_bfl
  463: Z6/prey4s_sfl
  464: Z6/prey4s_bfl
  465: Z6/prey4Chl_sfl
  466: Z6/prey4Chl_bfl
  467: Z6/prey5c_sfl
  468: Z6/prey5c_bfl
  469: Z6/prey5n_sfl
  470: Z6/prey5n_bfl
  471: Z6/prey5p_sfl
  472: Z6/prey5p_bfl
  473: Z6/prey5s_sfl
  474: Z6/prey5s_bfl
  475: Z6/prey5Chl_sfl
  476: Z6/prey5Chl_bfl
  477: Z6/prey6c_sfl
  478: Z6/prey6c_bfl
  479: Z6/prey6n_sfl
  480: Z6/prey6n_bfl
  481: Z6/prey6p_sfl
  482: Z6/prey6p_bfl
  483: Z6/prey6s_sfl
  484: Z6/prey6s_bfl
  485: Z6/prey6Chl_sfl
  486: Z6/prey6Chl_bfl
  487: Z6/prey7c_sfl
  488: Z6/prey7c_bfl
  489: Z6/prey7n_sfl
  490: Z6/prey7n_bfl
  491: Z6/prey7p_sfl
  492: Z6/prey7p_bfl
  493: Z6/prey7s_sfl
  494: Z6/prey7s_bfl
  495: Z6/prey7Chl_sfl
  496: Z6/prey7Chl_bfl
  497: Z6/O2o_sfl
  498: Z6/O2o_bfl
  499: Z6/O3c_sfl
  500: Z6/O3c_bfl
  501: Z6/O5c_sfl
  502: Z6/O5c_bfl
  503: Z6/O3h_sfl
  504: Z6/O3h_bfl
  505: Z6/N4n_sfl
  506: Z6/N4n_bfl
  507: Z6/N1p_sfl
  508: Z6/N1p_bfl
  509: Z6/R6c_sfl
  510: Z6/R6c_bfl
  511: Z6/R6s_sfl
  512: Z6/R6s_bfl
  513: Z6/R6n_sfl
  514: Z6/R6n_bfl
  515: Z6/R6p_sfl
  516: Z6/R6p_bfl
  517: Z6/X1c_sfl
  518: Z6/X1c_bfl
  519: Z6/R1c_sfl
  520: Z6/R1c_bfl
  521: Z6/R1n_sfl
  522: Z6/R1n_bfl
  523: Z6/R1p_sfl
  524: Z6/R1p_bfl
  525: Z6/_surface_albedo
  526: Z6/_surface_drag_coefficient_in_air
  527: Z3/c_sfl
  528: Z3/c_bfl
  529: Z3/n_sfl
  530: Z3/n_bfl
  531: Z3/p_sfl
  532: Z3/p_bfl
  533: Z3/prey1c_sfl
  534: Z3/prey1c_bfl
  535: Z3/prey1n_sfl
  536: Z3/prey1n_bfl
  537: Z3/prey1p_sfl
  538: Z3/prey1p_bfl
  539: Z3/prey1Chl_sfl
  540: Z3/prey1Chl_bfl
  541: Z3/prey1s_sfl
  542: Z3/prey1s_bfl
  543: Z3/prey2c_sfl
  544: Z3/prey2c_bfl
  545: Z3/prey2n_sfl
  546: Z3/prey2n_bfl
  547: Z3/prey2p_sfl
  548: Z3/prey2p_bfl
  549: Z3/prey2Chl_sfl
  550: Z3/prey2Chl_bfl
  551: Z3/prey2s_sfl
  552: Z3/prey2s_bfl
  553: Z3/prey3c_sfl
  554: Z3/prey3c_bfl
  555: Z3/prey3n_sfl
  556: Z3/prey3n_bfl
  557: Z3/prey3p_sfl
  558: Z3/prey3p_bfl
  559: Z3/prey3Chl_sfl
  560: Z3/prey3Chl_bfl
  561: Z3/prey3s_sfl
  562: Z3/prey3s_bfl
  563: Z3/O2o_sfl
  564: Z3/O2o_bfl
  565: Z3/O3c_sfl
  566: Z3/O3c_bfl
  567: Z3/O3h_sfl
  568: Z3/O3h_bfl
  569: Z3/O5c_sfl
  570: Z3/O5c_bfl
  571: Z3/N1p_sfl
  572: Z3/N1p_bfl
  573: Z3/N4n_sfl
  574: Z3/N4n_bfl
  575: Z3/R6c_sfl
  576: Z3/R6c_bfl
  577: Z3/R6p_sfl
  578: Z3/R6p_bfl
  579: Z3/R6n_sfl
  580: Z3/R6n_bfl
  581: Z3/R6s_sfl
  582: Z3/R6s_bfl
  583: Z3/_surface_albedo
  584: Z3/_surface_drag_coefficient_in_air
  585: Z4/c_sfl
  586: Z4/c_bfl
  587: Z4/n_sfl
  588: Z4/n_bfl
  589: Z4/p_sfl
  590: Z4/p_bfl
  591: Z4/prey1c_sfl
  592: Z4/prey1c_bfl
  593: Z4/prey1n_sfl
  594: Z4/prey1n_bfl
  595: Z4/prey1p_sfl
  596: Z4/prey1p_bfl
  597: Z4/prey1Chl_sfl
  598: Z4/prey1Chl_bfl
  599: Z4/prey1s_sfl
  600: Z4/prey1s_bfl
  601: Z4/prey2c_sfl
  602: Z4/prey2c_bfl
  603: Z4/prey2n_sfl
  604: Z4/prey2n_bfl
  605: Z4/prey2p_sfl
  606: Z4/prey2p_bfl
  607: Z4/prey2Chl_sfl
  608: Z4/prey2Chl_bfl
  609: Z4/prey2s_sfl
  610: Z4/prey2s_bfl
  611: Z4/prey3c_sfl
  612: Z4/prey3c_bfl
  613: Z4/prey3n_sfl
  614: Z4/prey3n_bfl
  615: Z4/prey3p_sfl
  616: Z4/prey3p_bfl
  617: Z4/prey3Chl_sfl
  618: Z4/prey3Chl_bfl
  619: Z4/prey3s_sfl
  620: Z4/prey3s_bfl
  621: Z4/prey4c_sfl
  622: Z4/prey4c_bfl
  623: Z4/prey4n_sfl
  624: Z4/prey4n_bfl
  625: Z4/prey4p_sfl
  626: Z4/prey4p_bfl
  627: Z4/prey4Chl_sfl
  628: Z4/prey4Chl_bfl
  629: Z4/prey4s_sfl
  630: Z4/prey4s_bfl
  631: Z4/prey5c_sfl
  632: Z4/prey5c_bfl
  633: Z4/prey5n_sfl
  634: Z4/prey5n_bfl
  635: Z4/prey5p_sfl
  636: Z4/prey5p_bfl
  637: Z4/prey5Chl_sfl
  638: Z4/prey5Chl_bfl
  639: Z4/prey5s_sfl
  640: Z4/prey5s_bfl
  641: Z4/O2o_sfl
  642: Z4/O2o_bfl
  643: Z4/O3c_sfl
  644: Z4/O3c_bfl
  645: Z4/O3h_sfl
  646: Z4/O3h_bfl
  647: Z4/O5c_sfl
  648: Z4/O5c_bfl
  649: Z4/N1p_sfl
  650: Z4/N1p_bfl
  651: Z4/N4n_sfl
  652: Z4/N4n_bfl
  653: Z4/R6c_sfl
  654: Z4/R6c_bfl
  655: Z4/R6p_sfl
  656: Z4/R6p_bfl
  657: Z4/R6n_sfl
  658: Z4/R6n_bfl
  659: Z4/R6s_sfl
  660: Z4/R6s_bfl
  661: Z4/_surface_albedo
  662: Z4/_surface_drag_coefficient_in_air
  663: PelChem/O3h_sfl
  664: PelChem/O3h_bfl
  665: PelChem/O2o_sfl
  666: PelChem/O2o_bfl
  667: PelChem/N3n_sfl
  668: PelChem/N3n_bfl
  669: PelChem/N4n_sfl
  670: PelChem/N4n_bfl
  671: PelChem/N5s_sfl
  672: PelChem/N5s_bfl
  673: PelChem/N6r_sfl
  674: PelChem/N6r_bfl
  675: PelChem/R3c_sfl
  676: PelChem/R3c_bfl
  677: PelChem/R6s_sfl
  678: PelChem/R6s_bfl
  679: PelChem/X1c_sfl
  680: PelChem/X1c_bfl
  681: PelChem/X2c_sfl
  682: PelChem/X2c_bfl
  683: PelChem/X3c_sfl
  684: PelChem/X3c_bfl
  685: PelChem/O4n_sfl
  686: PelChem/O4n_bfl
  687: PelChem/_surface_albedo
  688: PelChem/_surface_drag_coefficient_in_air
  689: O5/c_sfl
  690: O5/c_bfl
  691: O5/O3c_sfl
  692: O5/O3c_bfl
  693: O5/O3h_sfl
  694: O5/O3h_bfl
  695: O5/_surface_albedo
  696: O5/_surface_drag_coefficient_in_air
  697: zero_hz
  698: Z5/prey1_state1_sfl
  699: Z5/prey1_state1_bfl
  700: Z5/prey1_state2_sfl
  701: Z5/prey1_state2_bfl
  702: Z5/prey1_state3_sfl
  703: Z5/prey1_state3_bfl
  704: Z5/prey2_state1_sfl
  705: Z5/prey2_state1_bfl
  706: Z5/prey2_state2_sfl
  707: Z5/prey2_state2_bfl
  708: Z5/prey2_state3_sfl
  709: Z5/prey2_state3_bfl
  710: Z5/prey2_state4_sfl
  711: Z5/prey2_state4_bfl
  712: Z5/prey2_state5_sfl
  713: Z5/prey2_state5_bfl
  714: Z5/prey3_state1_sfl
  715: Z5/prey3_state1_bfl
  716: Z5/prey3_state2_sfl
  717: Z5/prey3_state2_bfl
  718: Z5/prey3_state3_sfl
  719: Z5/prey3_state3_bfl
  720: Z5/prey3_state4_sfl
  721: Z5/prey3_state4_bfl
  722: Z5/prey4_state1_sfl
  723: Z5/prey4_state1_bfl
  724: Z5/prey4_state2_sfl
  725: Z5/prey4_state2_bfl
  726: Z5/prey4_state3_sfl
  727: Z5/prey4_state3_bfl
  728: Z5/prey4_state4_sfl
  729: Z5/prey4_state4_bfl
  730: Z5/prey5_state1_sfl
  731: Z5/prey5_state1_bfl
  732: Z5/prey5_state2_sfl
  733: Z5/prey5_state2_bfl
  734: Z5/prey5_state3_sfl
  735: Z5/prey5_state3_bfl
  736: Z5/prey5_state4_sfl
  737: Z5/prey5_state4_bfl
  738: Z5/prey6_state1_sfl
  739: Z5/prey6_state1_bfl
  740: Z5/prey6_state2_sfl
  741: Z5/prey6_state2_bfl
  742: Z5/prey6_state3_sfl
  743: Z5/prey6_state3_bfl
  744: Z5/prey7_state1_sfl
  745: Z5/prey7_state1_bfl
  746: Z5/prey7_state2_sfl
  747: Z5/prey7_state2_bfl
  748: Z5/prey7_state3_sfl
  749: Z5/prey7_state3_bfl
  750: Z6/prey1_state1_sfl
  751: Z6/prey1_state1_bfl
  752: Z6/prey1_state2_sfl
  753: Z6/prey1_state2_bfl
  754: Z6/prey1_state3_sfl
  755: Z6/prey1_state3_bfl
  756: Z6/prey2_state1_sfl
  757: Z6/prey2_state1_bfl
  758: Z6/prey2_state2_sfl
  759: Z6/prey2_state2_bfl
  760: Z6/prey2_state3_sfl
  761: Z6/prey2_state3_bfl
  762: Z6/prey2_state4_sfl
  763: Z6/prey2_state4_bfl
  764: Z6/prey2_state5_sfl
  765: Z6/prey2_state5_bfl
  766: Z6/prey3_state1_sfl
  767: Z6/prey3_state1_bfl
  768: Z6/prey3_state2_sfl
  769: Z6/prey3_state2_bfl
  770: Z6/prey3_state3_sfl
  771: Z6/prey3_state3_bfl
  772: Z6/prey3_state4_sfl
  773: Z6/prey3_state4_bfl
  774: Z6/prey4_state1_sfl
  775: Z6/prey4_state1_bfl
  776: Z6/prey4_state2_sfl
  777: Z6/prey4_state2_bfl
  778: Z6/prey4_state3_sfl
  779: Z6/prey4_state3_bfl
  780: Z6/prey4_state4_sfl
  781: Z6/prey4_state4_bfl
  782: Z6/prey5_state1_sfl
  783: Z6/prey5_state1_bfl
  784: Z6/prey5_state2_sfl
  785: Z6/prey5_state2_bfl
  786: Z6/prey5_state3_sfl
  787: Z6/prey5_state3_bfl
  788: Z6/prey5_state4_sfl
  789: Z6/prey5_state4_bfl
  790: Z6/prey6_state1_sfl
  791: Z6/prey6_state1_bfl
  792: Z6/prey6_state2_sfl
  793: Z6/prey6_state2_bfl
  794: Z6/prey6_state3_sfl
  795: Z6/prey6_state3_bfl
  796: Z6/prey7_state1_sfl
  797: Z6/prey7_state1_bfl
  798: Z6/prey7_state2_sfl
  799: Z6/prey7_state2_bfl
  800: Z6/prey7_state3_sfl
  801: Z6/prey7_state3_bfl
  802: Z3/prey1_state1_sfl
  803: Z3/prey1_state1_bfl
  804: Z3/prey1_state2_sfl
  805: Z3/prey1_state2_bfl
  806: Z3/prey1_state3_sfl
  807: Z3/prey1_state3_bfl
  808: Z3/prey1_state4_sfl
  809: Z3/prey1_state4_bfl
  810: Z3/prey2_state1_sfl
  811: Z3/prey2_state1_bfl
  812: Z3/prey2_state2_sfl
  813: Z3/prey2_state2_bfl
  814: Z3/prey2_state3_sfl
  815: Z3/prey2_state3_bfl
  816: Z3/prey3_state1_sfl
  817: Z3/prey3_state1_bfl
  818: Z3/prey3_state2_sfl
  819: Z3/prey3_state2_bfl
  820: Z3/prey3_state3_sfl
  821: Z3/prey3_state3_bfl
  822: Z4/prey1_state1_sfl
  823: Z4/prey1_state1_bfl
  824: Z4/prey1_state2_sfl
  825: Z4/prey1_state2_bfl
  826: Z4/prey1_state3_sfl
  827: Z4/prey1_state3_bfl
  828: Z4/prey1_state4_sfl
  829: Z4/prey1_state4_bfl
  830: Z4/prey1_state5_sfl
  831: Z4/prey1_state5_bfl
  832: Z4/prey2_state1_sfl
  833: Z4/prey2_state1_bfl
  834: Z4/prey2_state2_sfl
  835: Z4/prey2_state2_bfl
  836: Z4/prey2_state3_sfl
  837: Z4/prey2_state3_bfl
  838: Z4/prey2_state4_sfl
  839: Z4/prey2_state4_bfl
  840: Z4/prey3_state1_sfl
  841: Z4/prey3_state1_bfl
  842: Z4/prey3_state2_sfl
  843: Z4/prey3_state2_bfl
  844: Z4/prey3_state3_sfl
  845: Z4/prey3_state3_bfl
  846: Z4/prey3_state4_sfl
  847: Z4/prey3_state4_bfl
  848: Z4/prey4_state1_sfl
  849: Z4/prey4_state1_bfl
  850: Z4/prey4_state2_sfl
  851: Z4/prey4_state2_bfl
  852: Z4/prey4_state3_sfl
  853: Z4/prey4_state3_bfl
  854: Z4/prey5_state1_sfl
  855: Z4/prey5_state1_bfl
  856: Z4/prey5_state2_sfl
  857: Z4/prey5_state2_bfl
  858: Z4/prey5_state3_sfl
  859: Z4/prey5_state3_bfl
  860: surface_albedo_calculator/result
  861: surface_drag_coefficient_in_air_calculator/result
  862: zero_sfl_tot
  863: zero_bfl_tot
  864: zero_hz_sms_tot
  865: N1/p_sfl_tot_calculator/result
  866: N1/p_bfl_tot_calculator/result
  867: N3/n_sfl_tot_calculator/result
  868: N3/n_bfl_tot_calculator/result
  869: N4/n_sfl_tot_calculator/result
  870: N4/n_bfl_tot_calculator/result
  871: N5/s_sfl_tot_calculator/result
  872: N5/s_bfl_tot_calculator/result
  873: N6/r_sfl_tot_calculator/result
  874: N6/r_bfl_tot_calculator/result
  875: O3/c_sfl_tot_calculator/result
  876: O3/c_bfl_tot_calculator/result
  877: O2/o_sfl_tot_calculator/result
  878: O2/o_bfl_tot_calculator/result
  879: O3h/h_sfl_tot_calculator/result
  880: O3h/h_bfl_tot_calculator/result
  881: O4/n_sfl_tot_calculator/result
  882: O4/n_bfl_tot_calculator/result
  883: R1/c_sfl_tot_calculator/result
  884: R1/c_bfl_tot_calculator/result
  885: R1/n_sfl_tot_calculator/result
  886: R1/n_bfl_tot_calculator/result
  887: R1/p_sfl_tot_calculator/result
  888: R1/p_bfl_tot_calculator/result
  889: R2/c_sfl_tot_calculator/result
  890: R2/c_bfl_tot_calculator/result
  891: R3/c_sfl_tot_calculator/result
  892: R3/c_bfl_tot_calculator/result
  893: R6/c_sfl_tot_calculator/result
  894: R6/c_bfl_tot_calculator/result
  895: R6/n_sfl_tot_calculator/result
  896: R6/n_bfl_tot_calculator/result
  897: R6/p_sfl_tot_calculator/result
  898: R6/p_bfl_tot_calculator/result
  899: R6/s_sfl_tot_calculator/result
  900: R6/s_bfl_tot_calculator/result
  901: X1/c_sfl_tot_calculator/result
  902: X1/c_bfl_tot_calculator/result
  903: X2/c_sfl_tot_calculator/result
  904: X2/c_bfl_tot_calculator/result
  905: X3/c_sfl_tot_calculator/result
  906: X3/c_bfl_tot_calculator/result
  907: P1/c_sfl_tot_calculator/result
  908: P1/c_bfl_tot_calculator/result
  909: P1/n_sfl_tot_calculator/result
  910: P1/n_bfl_tot_calculator/result
  911: P1/p_sfl_tot_calculator/result
  912: P1/p_bfl_tot_calculator/result
  913: P1/Chl_sfl_tot_calculator/result
  914: P1/Chl_bfl_tot_calculator/result
  915: P1/s_sfl_tot_calculator/result
  916: P1/s_bfl_tot_calculator/result
  917: P2/c_sfl_tot_calculator/result
  918: P2/c_bfl_tot_calculator/result
  919: P2/n_sfl_tot_calculator/result
  920: P2/n_bfl_tot_calculator/result
  921: P2/p_sfl_tot_calculator/result
  922: P2/p_bfl_tot_calculator/result
  923: P2/Chl_sfl_tot_calculator/result
  924: P2/Chl_bfl_tot_calculator/result
  925: P2/total_silicate_sfl_tot_calculator/result
  926: P2/total_silicate_bfl_tot_calculator/result
  927: P3/c_sfl_tot_calculator/result
  928: P3/c_bfl_tot_calculator/result
  929: P3/n_sfl_tot_calculator/result
  930: P3/n_bfl_tot_calculator/result
  931: P3/p_sfl_tot_calculator/result
  932: P3/p_bfl_tot_calculator/result
  933: P3/Chl_sfl_tot_calculator/result
  934: P3/Chl_bfl_tot_calculator/result
  935: P3/total_silicate_sfl_tot_calculator/result
  936: P3/total_silicate_bfl_tot_calculator/result
  937: P4/c_sfl_tot_calculator/result
  938: P4/c_bfl_tot_calculator/result
  939: P4/n_sfl_tot_calculator/result
  940: P4/n_bfl_tot_calculator/result
  941: P4/p_sfl_tot_calculator/result
  942: P4/p_bfl_tot_calculator/result
  943: P4/Chl_sfl_tot_calculator/result
  944: P4/Chl_bfl_tot_calculator/result
  945: P4/total_silicate_sfl_tot_calculator/result
  946: P4/total_silicate_bfl_tot_calculator/result
  947: B1/c_sfl_tot_calculator/result
  948: B1/c_bfl_tot_calculator/result
  949: B1/n_sfl_tot_calculator/result
  950: B1/n_bfl_tot_calculator/result
  951: B1/p_sfl_tot_calculator/result
  952: B1/p_bfl_tot_calculator/result
  953: B1/total_chlorophyll_sfl_tot_calculator/result
  954: B1/total_chlorophyll_bfl_tot_calculator/result
  955: B1/total_silicate_sfl_tot_calculator/result
  956: B1/total_silicate_bfl_tot_calculator/result
  957: Z5/c_sfl_tot_calculator/result
  958: Z5/c_bfl_tot_calculator/result
  959: Z5/n_sfl_tot_calculator/result
  960: Z5/n_bfl_tot_calculator/result
  961: Z5/p_sfl_tot_calculator/result
  962: Z5/p_bfl_tot_calculator/result
  963: Z5/total_chlorophyll_sfl_tot_calculator/result
  964: Z5/total_chlorophyll_bfl_tot_calculator/result
  965: Z5/total_silicate_sfl_tot_calculator/result
  966: Z5/total_silicate_bfl_tot_calculator/result
  967: Z6/c_sfl_tot_calculator/result
  968: Z6/c_bfl_tot_calculator/result
  969: Z6/n_sfl_tot_calculator/result
  970: Z6/n_bfl_tot_calculator/result
  971: Z6/p_sfl_tot_calculator/result
  972: Z6/p_bfl_tot_calculator/result
  973: Z6/total_chlorophyll_sfl_tot_calculator/result
  974: Z6/total_chlorophyll_bfl_tot_calculator/result
  975: Z6/total_silicate_sfl_tot_calculator/result
  976: Z6/total_silicate_bfl_tot_calculator/result
  977: Z3/c_sfl_tot_calculator/result
  978: Z3/c_bfl_tot_calculator/result
  979: Z3/n_sfl_tot_calculator/result
  980: Z3/n_bfl_tot_calculator/result
  981: Z3/p_sfl_tot_calculator/result
  982: Z3/p_bfl_tot_calculator/result
  983: Z4/c_sfl_tot_calculator/result
  984: Z4/c_bfl_tot_calculator/result
  985: Z4/n_sfl_tot_calculator/result
  986: Z4/n_bfl_tot_calculator/result
  987: Z4/p_sfl_tot_calculator/result
  988: Z4/p_bfl_tot_calculator/result
  989: Z4/total_silicate_sfl_tot_calculator/result
  990: Z4/total_silicate_bfl_tot_calculator/result
  991: Z4/total_chlorophyll_sfl_tot_calculator/result
  992: Z4/total_chlorophyll_bfl_tot_calculator/result
  993: O5/c_sfl_tot_calculator/result
  994: O5/c_bfl_tot_calculator/result
  995: longitude
  996: latitude
  997: surface_downwelling_shortwave_flux
  998: surface_air_pressure
  999: wind_speed
  1000: mole_fraction_of_carbon_dioxide_in_air
Scalar catalog:
  1: number_of_days_since_start_of_the_year
Interior store:
  1: attenuation_coefficient_of_photosynthetic_radiative_flux_calculator/result
  2: O3/ALK
  3: O3/DIC
  4: O3/pH
  5: O3/pCO2
  6: O3/CarbA
  7: O3/BiCarb
  8: O3/Carb
  9: O3/OArag
  10: O3/EPR
  11: N1/p_sms_tot_calculator/result
  12: N5/s_sms_tot_calculator/result
  13: O3/c_sms_tot_calculator/result
  14: O3h/h_sms_tot_calculator/result
  15: O3/OCalc
  16: total_phosphorus_calculator/result
  17: total_nitrogen_calculator/result
  18: total_silicate_calculator/result
  19: total_carbon_calculator/result
  20: light/EIR
  21: light/xEPS
  22: light/parEIR
  23: P4/run
  24: P3/run
  25: P2/run
  26: P1/run
  27: O5/fCaCO2_2_O3c
  28: O5/fCaCO2_2_O3h
  29: total_chlorophyll_calculator/result
Horizontal store:
  1: O3/fair
  2: O3/wind
  3: surface_drag_coefficient_in_air_calculator/result
  4: surface_albedo_calculator/result
  5: zenith_angle/zenithA
Interior read cache:
  1: N1/p
  2: N3/n
  3: N4/n
  4: N5/s
  5: N6/r
  6: O3/c
  7: O2/o
  8: O3h/h
  9: O4/n
  10: R1/c
  11: R1/n
  12: R1/p
  13: R2/c
  14: R3/c
  15: R6/c
  16: R6/n
  17: R6/p
  18: R6/s
  19: X1/c
  20: X2/c
  21: X3/c
  22: P1/c
  23: P1/n
  24: P1/p
  25: P1/Chl
  26: P1/s
  27: P2/c
  28: P2/n
  29: P2/p
  30: P2/Chl
  31: P3/c
  32: P3/n
  33: P3/p
  34: P3/Chl
  35: P4/c
  36: P4/n
  37: P4/p
  38: P4/Chl
  39: B1/c
  40: B1/n
  41: B1/p
  42: Z5/c
  43: Z5/n
  44: Z5/p
  45: Z6/c
  46: Z6/n
  47: Z6/p
  48: Z3/c
  49: Z3/n
  50: Z3/p
  51: Z4/c
  52: Z4/n
  53: Z4/p
  54: O5/c
  55: attenuation_coefficient_of_photosynthetic_radiative_flux_calculator/result
  56: cell_thickness
  57: pressure
  58: depth
  59: density
  60: practical_salinity
  61: temperature
  62: light/parEIR
  63: Z6/total_chlorophyll
  64: O3/OCalc
Horizontal read cache:
  1: latitude
  2: longitude
  3: surface_downwelling_shortwave_flux
  4: mole_fraction_of_carbon_dioxide_in_air
  5: wind_speed
  6: surface_air_pressure
Scalar read cache:
  1: number_of_days_since_start_of_the_year
Interior write cache:
  1: attenuation_coefficient_of_photosynthetic_radiative_flux_calculator/result
  2: O3/ALK
  3: O3/DIC
  4: O3/pH
  5: O3/pCO2
  6: O3/CarbA
  7: O3/BiCarb
  8: O3/Carb
  9: O3/OArag
  10: O3/EPR
  11: N1/p_sms_tot_calculator/result
  12: N5/s_sms_tot_calculator/result
  13: O3/c_sms_tot_calculator/result
  14: O3h/h_sms_tot_calculator/result
  15: O3/OCalc
  16: total_phosphorus_calculator/result
  17: total_nitrogen_calculator/result
  18: total_silicate_calculator/result
  19: total_carbon_calculator/result
  20: light/EIR
  21: light/xEPS
  22: light/parEIR
  23: N4/n_sms_tot_calculator/result
  24: O2/o_sms_tot_calculator/result
  25: R6/c_sms_tot_calculator/result
  26: R6/n_sms_tot_calculator/result
  27: R6/p_sms_tot_calculator/result
  28: R6/s_sms_tot_calculator/result
  29: P1/c_sms_tot_calculator/result
  30: P1/n_sms_tot_calculator/result
  31: P1/p_sms_tot_calculator/result
  32: P1/Chl_sms_tot_calculator/result
  33: P1/s_sms_tot_calculator/result
  34: P2/c_sms_tot_calculator/result
  35: P2/n_sms_tot_calculator/result
  36: P2/p_sms_tot_calculator/result
  37: P2/Chl_sms_tot_calculator/result
  38: P4/c_sms_tot_calculator/result
  39: P4/n_sms_tot_calculator/result
  40: P4/p_sms_tot_calculator/result
  41: P4/Chl_sms_tot_calculator/result
  42: Z5/c_sms_tot_calculator/result
  43: Z5/n_sms_tot_calculator/result
  44: Z5/p_sms_tot_calculator/result
  45: Z4/c_sms_tot_calculator/result
  46: Z4/n_sms_tot_calculator/result
  47: Z4/p_sms_tot_calculator/result
  48: O5/c_sms_tot_calculator/result
  49: Z3/c_sms_tot_calculator/result
  50: Z3/n_sms_tot_calculator/result
  51: Z3/p_sms_tot_calculator/result
  52: R1/c_sms_tot_calculator/result
  53: R1/n_sms_tot_calculator/result
  54: R1/p_sms_tot_calculator/result
  55: X1/c_sms_tot_calculator/result
  56: P3/c_sms_tot_calculator/result
  57: P3/n_sms_tot_calculator/result
  58: P3/p_sms_tot_calculator/result
  59: P3/Chl_sms_tot_calculator/result
  60: B1/c_sms_tot_calculator/result
  61: B1/n_sms_tot_calculator/result
  62: B1/p_sms_tot_calculator/result
  63: Z6/c_sms_tot_calculator/result
  64: Z6/n_sms_tot_calculator/result
  65: Z6/p_sms_tot_calculator/result
  66: P4/run
  67: N3/n_sms_tot_calculator/result
  68: R2/c_sms_tot_calculator/result
  69: X2/c_sms_tot_calculator/result
  70: P3/run
  71: P2/run
  72: P1/run
  73: O5/fCaCO2_2_O3c
  74: O5/fCaCO2_2_O3h
  75: N6/r_sms_tot_calculator/result
  76: R3/c_sms_tot_calculator/result
  77: X3/c_sms_tot_calculator/result
  78: O4/n_sms_tot_calculator/result
  79: total_chlorophyll_calculator/result
  80: N1/p_w_tot_calculator/result
  81: N4/n_w_tot_calculator/result
  82: O3/c_w_tot_calculator/result
  83: O2/o_w_tot_calculator/result
  84: O3h/h_w_tot_calculator/result
  85: R6/c_w_tot_calculator/result
  86: R6/n_w_tot_calculator/result
  87: R6/p_w_tot_calculator/result
  88: R6/s_w_tot_calculator/result
  89: P1/c_w_tot_calculator/result
  90: P1/n_w_tot_calculator/result
  91: P1/p_w_tot_calculator/result
  92: P1/Chl_w_tot_calculator/result
  93: P1/s_w_tot_calculator/result
  94: P2/c_w_tot_calculator/result
  95: P2/n_w_tot_calculator/result
  96: P2/p_w_tot_calculator/result
  97: P2/Chl_w_tot_calculator/result
  98: P4/c_w_tot_calculator/result
  99: P4/n_w_tot_calculator/result
  100: P4/p_w_tot_calculator/result
  101: P4/Chl_w_tot_calculator/result
  102: Z5/c_w_tot_calculator/result
  103: Z5/n_w_tot_calculator/result
  104: Z5/p_w_tot_calculator/result
  105: Z4/c_w_tot_calculator/result
  106: Z4/n_w_tot_calculator/result
  107: Z4/p_w_tot_calculator/result
  108: O5/c_w_tot_calculator/result
  109: Z3/c_w_tot_calculator/result
  110: Z3/n_w_tot_calculator/result
  111: Z3/p_w_tot_calculator/result
  112: R1/c_w_tot_calculator/result
  113: R1/n_w_tot_calculator/result
  114: R1/p_w_tot_calculator/result
  115: X1/c_w_tot_calculator/result
  116: P3/c_w_tot_calculator/result
  117: P3/n_w_tot_calculator/result
  118: P3/p_w_tot_calculator/result
  119: P3/Chl_w_tot_calculator/result
  120: B1/c_w_tot_calculator/result
  121: B1/n_w_tot_calculator/result
  122: B1/p_w_tot_calculator/result
  123: Z6/c_w_tot_calculator/result
  124: Z6/n_w_tot_calculator/result
  125: Z6/p_w_tot_calculator/result
  126: N3/n_w_tot_calculator/result
  127: R2/c_w_tot_calculator/result
  128: X2/c_w_tot_calculator/result
  129: N5/s_w_tot_calculator/result
  130: N6/r_w_tot_calculator/result
  131: R3/c_w_tot_calculator/result
  132: X3/c_w_tot_calculator/result
  133: O4/n_w_tot_calculator/result
Horizontal write cache:
  1: zero_hz
  2: N1/p_bfl_tot_calculator/result
  3: N4/n_bfl_tot_calculator/result
  4: O3/c_bfl_tot_calculator/result
  5: O2/o_bfl_tot_calculator/result
  6: O3h/h_bfl_tot_calculator/result
  7: R6/c_bfl_tot_calculator/result
  8: R6/n_bfl_tot_calculator/result
  9: R6/p_bfl_tot_calculator/result
  10: R6/s_bfl_tot_calculator/result
  11: P1/c_bfl_tot_calculator/result
  12: P1/n_bfl_tot_calculator/result
  13: P1/p_bfl_tot_calculator/result
  14: P1/Chl_bfl_tot_calculator/result
  15: P1/s_bfl_tot_calculator/result
  16: P2/c_bfl_tot_calculator/result
  17: P2/n_bfl_tot_calculator/result
  18: P2/p_bfl_tot_calculator/result
  19: P2/Chl_bfl_tot_calculator/result
  20: P4/c_bfl_tot_calculator/result
  21: P4/n_bfl_tot_calculator/result
  22: P4/p_bfl_tot_calculator/result
  23: P4/Chl_bfl_tot_calculator/result
  24: Z5/c_bfl_tot_calculator/result
  25: Z5/n_bfl_tot_calculator/result
  26: Z5/p_bfl_tot_calculator/result
  27: Z4/c_bfl_tot_calculator/result
  28: Z4/n_bfl_tot_calculator/result
  29: Z4/p_bfl_tot_calculator/result
  30: O5/c_bfl_tot_calculator/result
  31: Z3/c_bfl_tot_calculator/result
  32: Z3/n_bfl_tot_calculator/result
  33: Z3/p_bfl_tot_calculator/result
  34: R1/c_bfl_tot_calculator/result
  35: R1/n_bfl_tot_calculator/result
  36: R1/p_bfl_tot_calculator/result
  37: X1/c_bfl_tot_calculator/result
  38: P3/c_bfl_tot_calculator/result
  39: P3/n_bfl_tot_calculator/result
  40: P3/p_bfl_tot_calculator/result
  41: P3/Chl_bfl_tot_calculator/result
  42: B1/c_bfl_tot_calculator/result
  43: B1/n_bfl_tot_calculator/result
  44: B1/p_bfl_tot_calculator/result
  45: Z6/c_bfl_tot_calculator/result
  46: Z6/n_bfl_tot_calculator/result
  47: Z6/p_bfl_tot_calculator/result
  48: N3/n_bfl_tot_calculator/result
  49: R2/c_bfl_tot_calculator/result
  50: X2/c_bfl_tot_calculator/result
  51: N5/s_bfl_tot_calculator/result
  52: N6/r_bfl_tot_calculator/result
  53: R3/c_bfl_tot_calculator/result
  54: X3/c_bfl_tot_calculator/result
  55: O4/n_bfl_tot_calculator/result
  56: N1/p_sfl_tot_calculator/result
  57: N4/n_sfl_tot_calculator/result
  58: O3/c_sfl_tot_calculator/result
  59: O2/o_sfl_tot_calculator/result
  60: O3h/h_sfl_tot_calculator/result
  61: R6/c_sfl_tot_calculator/result
  62: R6/n_sfl_tot_calculator/result
  63: R6/p_sfl_tot_calculator/result
  64: R6/s_sfl_tot_calculator/result
  65: P1/c_sfl_tot_calculator/result
  66: P1/n_sfl_tot_calculator/result
  67: P1/p_sfl_tot_calculator/result
  68: P1/Chl_sfl_tot_calculator/result
  69: P1/s_sfl_tot_calculator/result
  70: P2/c_sfl_tot_calculator/result
  71: P2/n_sfl_tot_calculator/result
  72: P2/p_sfl_tot_calculator/result
  73: P2/Chl_sfl_tot_calculator/result
  74: P4/c_sfl_tot_calculator/result
  75: P4/n_sfl_tot_calculator/result
  76: P4/p_sfl_tot_calculator/result
  77: P4/Chl_sfl_tot_calculator/result
  78: Z5/c_sfl_tot_calculator/result
  79: Z5/n_sfl_tot_calculator/result
  80: Z5/p_sfl_tot_calculator/result
  81: Z4/c_sfl_tot_calculator/result
  82: Z4/n_sfl_tot_calculator/result
  83: Z4/p_sfl_tot_calculator/result
  84: O5/c_sfl_tot_calculator/result
  85: Z3/c_sfl_tot_calculator/result
  86: Z3/n_sfl_tot_calculator/result
  87: Z3/p_sfl_tot_calculator/result
  88: R1/c_sfl_tot_calculator/result
  89: R1/n_sfl_tot_calculator/result
  90: R1/p_sfl_tot_calculator/result
  91: X1/c_sfl_tot_calculator/result
  92: P3/c_sfl_tot_calculator/result
  93: P3/n_sfl_tot_calculator/result
  94: P3/p_sfl_tot_calculator/result
  95: P3/Chl_sfl_tot_calculator/result
  96: B1/c_sfl_tot_calculator/result
  97: B1/n_sfl_tot_calculator/result
  98: B1/p_sfl_tot_calculator/result
  99: Z6/c_sfl_tot_calculator/result
  100: Z6/n_sfl_tot_calculator/result
  101: Z6/p_sfl_tot_calculator/result
  102: N3/n_sfl_tot_calculator/result
  103: R2/c_sfl_tot_calculator/result
  104: X2/c_sfl_tot_calculator/result
  105: N5/s_sfl_tot_calculator/result
  106: N6/r_sfl_tot_calculator/result
  107: R3/c_sfl_tot_calculator/result
  108: X3/c_sfl_tot_calculator/result
  109: O4/n_sfl_tot_calculator/result
  110: O3/fair
  111: O3/wind
  112: surface_drag_coefficient_in_air_calculator/result
  113: surface_albedo_calculator/result
  114: zenith_angle/zenithA
